1447736603.662614 - smartdata - INFO - Using webserver: localhost:5001
1447736603.662768 - smartdata - INFO - Priming data...
1447736603.663110 - smartdata - INFO - Populating past data...
1447736605.360380 - smartdata - INFO - Updated temperature from 71 to 70
1447736607.380065 - smartdata - INFO - Updated temperature from 70 to 69
1447736609.210542 - smartdata - INFO - Updated temperature from 69 to 70
1447736611.111106 - smartdata - INFO - Updated temperature from 70 to 71
1447736613.052101 - smartdata - INFO - Updated temperature from 71 to 70
1447736614.563775 - smartdata - INFO - Updated temperature from 70 to 69
1447736616.577310 - smartdata - INFO - Updated temperature from 69 to 70
1447736618.306836 - smartdata - INFO - Updated temperature from 70 to 69
1447736620.009759 - smartdata - INFO - Updated temperature from 69 to 70
1447736621.539207 - smartdata - INFO - Updated temperature from 70 to 69
1447736623.131358 - smartdata - INFO - Updated temperature from 69 to 70
1447736624.643380 - smartdata - INFO - Updated temperature from 70 to 71
1447736626.049271 - smartdata - INFO - Updated temperature from 71 to 72
1447736627.602170 - smartdata - INFO - Updated temperature from 72 to 73
1447736628.885505 - smartdata - INFO - Updated temperature from 73 to 72
1447736630.490650 - smartdata - INFO - Updated temperature from 72 to 73
1447736631.993585 - smartdata - INFO - Updated temperature from 73 to 74
1447736633.493161 - smartdata - INFO - Updated temperature from 74 to 75
1447736635.561171 - smartdata - INFO - Updated temperature from 75 to 74
1447736636.921081 - smartdata - INFO - Updated temperature from 74 to 75
1447736638.520961 - smartdata - INFO - Updated temperature from 75 to 76
1447736641.498674 - smartdata - INFO - Updated temperature from 76 to 75
1447736643.567248 - smartdata - INFO - Updated temperature from 75 to 74
1447736644.985202 - smartdata - INFO - Updated temperature from 74 to 73
1447736646.658683 - smartdata - INFO - Updated temperature from 73 to 74
1447736648.253603 - smartdata - INFO - Updated temperature from 74 to 73
1447736649.954226 - smartdata - INFO - Updated temperature from 73 to 72
1447736651.551911 - smartdata - INFO - Updated temperature from 72 to 73
1447736653.335267 - smartdata - INFO - Updated temperature from 73 to 74
1447736654.814211 - smartdata - INFO - Updated temperature from 74 to 75
1447736656.386105 - smartdata - INFO - Updated temperature from 75 to 76
1447736658.899254 - smartdata - INFO - Updated temperature from 76 to 75
1447736660.498152 - smartdata - INFO - Updated temperature from 75 to 74
1447736662.254846 - smartdata - INFO - Updated temperature from 74 to 75
1447736663.997327 - smartdata - INFO - Updated temperature from 75 to 76
1447736665.742546 - smartdata - INFO - Updated temperature from 76 to 75
1447736667.419724 - smartdata - INFO - Updated temperature from 75 to 74
1447736669.681113 - smartdata - INFO - Updated temperature from 74 to 73
1447736671.412045 - smartdata - INFO - Updated temperature from 73 to 74
1447736673.126151 - smartdata - INFO - Updated temperature from 74 to 73
1447736674.762370 - smartdata - INFO - Updated temperature from 73 to 72
1447736676.662543 - smartdata - INFO - Updated temperature from 72 to 73
1447736678.203111 - smartdata - INFO - Updated temperature from 73 to 72
1447736679.864772 - smartdata - INFO - Updated temperature from 72 to 71
1447736681.835427 - smartdata - INFO - Updated temperature from 71 to 70
1447736683.425982 - smartdata - INFO - Updated temperature from 70 to 69
1447736684.969176 - smartdata - INFO - Updated temperature from 69 to 68
1447736686.618245 - smartdata - INFO - Updated temperature from 68 to 69
1447736688.333763 - smartdata - INFO - Updated temperature from 69 to 70
1447736690.196413 - smartdata - INFO - Updated temperature from 70 to 69
1447736691.776339 - smartdata - INFO - Updated temperature from 69 to 68
1447736693.205487 - smartdata - INFO - Updated temperature from 68 to 67
1447736694.881459 - smartdata - INFO - Updated temperature from 67 to 68
1447736696.431976 - smartdata - INFO - Updated temperature from 68 to 67
1447736698.094142 - smartdata - INFO - Updated temperature from 67 to 66
1447736699.760823 - smartdata - INFO - Updated temperature from 66 to 67
1447736701.313303 - smartdata - INFO - Updated temperature from 67 to 68
1447736702.858956 - smartdata - INFO - Updated temperature from 68 to 67
1447736704.261017 - smartdata - INFO - Updated temperature from 67 to 66
1447736705.384591 - smartdata - INFO - Updated temperature from 66 to 65
1447736706.499257 - smartdata - INFO - Updated temperature from 65 to 64
1447736707.860500 - smartdata - INFO - Updated temperature from 64 to 65
1447736709.159315 - smartdata - INFO - Updated temperature from 65 to 66
1447736710.685585 - smartdata - INFO - Updated temperature from 66 to 67
1447736712.152913 - smartdata - INFO - Updated temperature from 67 to 68
1447736713.514767 - smartdata - INFO - Updated temperature from 68 to 69
1447736715.378467 - smartdata - INFO - Updated temperature from 69 to 70
1447736716.826723 - smartdata - INFO - Updated temperature from 70 to 71
1447736718.354715 - smartdata - INFO - Updated temperature from 71 to 72
1447736720.116617 - smartdata - INFO - Updated temperature from 72 to 73
1447736721.683750 - smartdata - INFO - Updated temperature from 73 to 72
1447736723.274359 - smartdata - INFO - Updated temperature from 72 to 71
1447736724.549186 - smartdata - INFO - Updated temperature from 71 to 70
1447736726.376934 - smartdata - INFO - Updated temperature from 70 to 71
1447736727.893215 - smartdata - INFO - Updated temperature from 71 to 70
1447736729.298106 - smartdata - INFO - Updated temperature from 70 to 69
1447736730.888292 - smartdata - INFO - Updated temperature from 69 to 70
1447736732.407568 - smartdata - INFO - Updated temperature from 70 to 71
1447736733.799974 - smartdata - INFO - Updated temperature from 71 to 70
1447736735.653160 - smartdata - INFO - Updated temperature from 70 to 71
1447736737.233761 - smartdata - INFO - Updated temperature from 71 to 70
1447736738.962812 - smartdata - INFO - Updated temperature from 70 to 69
1447736740.310354 - smartdata - INFO - Updated temperature from 69 to 70
1447736741.894710 - smartdata - INFO - Updated temperature from 70 to 69
1447736743.499919 - smartdata - INFO - Updated temperature from 69 to 70
1447736745.123957 - smartdata - INFO - Updated temperature from 70 to 69
1447736746.635585 - smartdata - INFO - Updated temperature from 69 to 68
1447736748.165849 - smartdata - INFO - Updated temperature from 68 to 69
1447736749.660312 - smartdata - INFO - Updated temperature from 69 to 68
1447736751.225410 - smartdata - INFO - Updated temperature from 68 to 69
1447736752.904067 - smartdata - INFO - Updated temperature from 69 to 70
1447736754.386763 - smartdata - INFO - Updated temperature from 70 to 71
1447736755.812250 - smartdata - INFO - Updated temperature from 71 to 72
1447736757.329559 - smartdata - INFO - Updated temperature from 72 to 73
1447736758.732458 - smartdata - INFO - Updated temperature from 73 to 72
1447736760.395445 - smartdata - INFO - Updated temperature from 72 to 71
1447736762.046644 - smartdata - INFO - Updated temperature from 71 to 72
1447736762.116653 - smartdata - WARNING - Failed sensor update: {'value_ts': datetime.datetime(2015, 11, 15, 20, 13, 23, 662742), 'sensor_id': 'motion_BoardRoom', 'value': 0}
1447736768.528460 - smartdata - INFO - Updated temperature from 72 to 73
1447736769.843907 - smartdata - INFO - Updated temperature from 73 to 72
1447736771.396029 - smartdata - INFO - Updated temperature from 72 to 71
1447736773.089295 - smartdata - INFO - Updated temperature from 71 to 70
1447736774.638357 - smartdata - INFO - Updated temperature from 70 to 69
1447736776.215123 - smartdata - INFO - Updated temperature from 69 to 68
1447736777.742980 - smartdata - INFO - Updated temperature from 68 to 67
1447736779.231167 - smartdata - INFO - Updated temperature from 67 to 68
1447736780.633042 - smartdata - INFO - Updated temperature from 68 to 67
1447736781.861685 - smartdata - INFO - Updated temperature from 67 to 68
1447736783.370953 - smartdata - INFO - Updated temperature from 68 to 67
1447736784.895406 - smartdata - INFO - Updated temperature from 67 to 66
1447736786.649783 - smartdata - INFO - Updated temperature from 66 to 67
1447736788.135204 - smartdata - INFO - Updated temperature from 67 to 66
1447736790.027915 - smartdata - INFO - Updated temperature from 66 to 67
1447736791.378122 - smartdata - INFO - Updated temperature from 67 to 68
1447736792.674265 - smartdata - INFO - Updated temperature from 68 to 67
1447736794.353367 - smartdata - INFO - Updated temperature from 67 to 66
1447736796.019997 - smartdata - INFO - Updated temperature from 66 to 65
1447736797.741179 - smartdata - INFO - Updated temperature from 65 to 64
1447736799.274835 - smartdata - INFO - Updated temperature from 64 to 65
1447736800.644698 - smartdata - INFO - Updated temperature from 65 to 66
1447736802.134829 - smartdata - INFO - Updated temperature from 66 to 65
1447736804.097377 - smartdata - INFO - Updated temperature from 65 to 64
1447736806.180191 - smartdata - INFO - Updated temperature from 64 to 65
1447736807.474928 - smartdata - INFO - Updated temperature from 65 to 66
1447736808.445455 - smartdata - WARNING - Failed sensor update: {'value_ts': datetime.datetime(2015, 11, 16, 21, 58, 23, 662742), 'sensor_id': 'lumens_DropZone', 'value': 2}
1447736813.713782 - smartdata - INFO - Continuing with current data...
