2015-11-17 05:03:23.663302
snickers : 0 : 875
almonds : 0 : 750
reeses : 0 : 800
granolaBars : 0 : 775
andes : 0 : 700
mints : 0 : 750
starburst : 0 : 725
2015-11-17 05:03:26.766123
snickers : 0 : 875
almonds : 0 : 750
reeses : 0 : 800
granolaBars : 0 : 775
andes : 0 : 700
mints : 0 : 750
starburst : 0 : 725
2015-11-17 05:03:29.822854
snickers : 0 : 875
almonds : 0 : 750
reeses : 0 : 800
granolaBars : 0 : 775
andes : 0 : 700
mints : 0 : 750
starburst : 0 : 725
2015-11-17 05:03:32.861134
snickers : 0 : 875
almonds : 0 : 750
reeses : 0 : 800
granolaBars : 0 : 775
andes : 0 : 700
mints : 0 : 750
starburst : 0 : 725
2015-11-17 05:03:35.892877
snickers : 0 : 875
almonds : 0 : 750
reeses : 0 : 800
granolaBars : 0 : 775
andes : 0 : 700
mints : 0 : 750
starburst : 0 : 725
2015-11-17 05:03:38.922004
snickers : 0 : 875
almonds : 0 : 750
reeses : 0 : 800
granolaBars : 0 : 775
andes : 0 : 700
mints : 0 : 750
starburst : 0 : 725
2015-11-17 05:03:41.968861
snickers : 0 : 875
almonds : 0 : 750
reeses : 0 : 800
granolaBars : 0 : 775
andes : 0 : 700
mints : 0 : 750
starburst : 0 : 725
2015-11-17 05:03:45.016328
snickers : 0 : 875
almonds : 0 : 750
reeses : 0 : 800
granolaBars : 0 : 775
andes : 0 : 700
mints : 0 : 750
starburst : 0 : 725
2015-11-17 05:03:48.049780
snickers : 0 : 875
almonds : 0 : 750
reeses : 0 : 800
granolaBars : 0 : 775
andes : 0 : 700
mints : 0 : 750
starburst : 0 : 725
2015-11-17 05:03:51.077222
snickers : 0 : 875
almonds : 0 : 750
reeses : 0 : 800
granolaBars : 0 : 775
andes : 0 : 700
mints : 0 : 750
starburst : 0 : 725
2015-11-17 05:03:54.136678
snickers : 0 : 875
almonds : 0 : 750
reeses : 0 : 800
granolaBars : 0 : 775
andes : 0 : 700
mints : 0 : 750
starburst : 0 : 725
2015-11-17 05:03:57.173958
snickers : 0 : 875
almonds : 0 : 750
reeses : 0 : 800
granolaBars : 0 : 775
andes : 0 : 700
mints : 0 : 750
starburst : 0 : 725
2015-11-17 05:04:00.237572
snickers : 0 : 875
almonds : 0 : 750
reeses : 0 : 800
granolaBars : 0 : 775
andes : 0 : 700
mints : 0 : 750
starburst : 0 : 725
2015-11-17 05:04:03.294598
snickers : 0 : 875
almonds : 0 : 750
reeses : 0 : 800
granolaBars : 0 : 775
andes : 0 : 700
mints : 0 : 750
starburst : 0 : 725
2015-11-17 05:04:06.338079
snickers : 0 : 875
almonds : 0 : 750
reeses : 0 : 800
granolaBars : 0 : 775
andes : 0 : 700
mints : 0 : 750
starburst : 0 : 725
2015-11-17 05:04:09.381847
snickers : 0 : 875
almonds : 0 : 750
reeses : 0 : 800
granolaBars : 0 : 775
andes : 0 : 700
mints : 0 : 750
starburst : 0 : 725
2015-11-17 05:04:12.436917
snickers : 0 : 875
almonds : 0 : 750
reeses : 0 : 800
granolaBars : 0 : 775
andes : 0 : 700
mints : 0 : 750
starburst : 0 : 725
2015-11-17 05:04:15.526065
snickers : 0 : 875
almonds : 0 : 750
reeses : 0 : 800
granolaBars : 0 : 775
andes : 0 : 700
mints : 0 : 750
starburst : 0 : 725
2015-11-17 05:04:18.552914
snickers : 0 : 875
almonds : 0 : 750
reeses : 0 : 800
granolaBars : 0 : 775
andes : 0 : 700
mints : 0 : 750
starburst : 0 : 725
2015-11-17 05:04:21.597011
snickers : 0 : 875
almonds : 0 : 750
reeses : 0 : 800
granolaBars : 0 : 775
andes : 0 : 700
mints : 0 : 750
starburst : 0 : 725
2015-11-17 05:04:24.650113
snickers : 0 : 875
almonds : 0 : 750
reeses : 0 : 800
granolaBars : 0 : 775
andes : 0 : 700
mints : 0 : 750
starburst : 0 : 725
2015-11-17 05:04:27.688864
snickers : 0 : 875
almonds : 0 : 750
reeses : 0 : 800
granolaBars : 0 : 775
andes : 0 : 700
mints : 0 : 750
starburst : 0 : 725
2015-11-17 05:04:30.732876
snickers : 0 : 875
almonds : 0 : 750
reeses : 0 : 800
granolaBars : 0 : 775
andes : 0 : 700
mints : 0 : 750
starburst : 0 : 725
2015-11-17 05:04:33.776948
snickers : 0 : 875
almonds : 0 : 750
reeses : 0 : 800
granolaBars : 0 : 775
andes : 0 : 700
mints : 0 : 750
starburst : 0 : 725
2015-11-17 05:04:36.840861
snickers : 0 : 875
almonds : 0 : 750
reeses : 0 : 800
granolaBars : 0 : 775
andes : 0 : 700
mints : 0 : 750
starburst : 0 : 725
2015-11-17 05:04:39.877984
snickers : 0 : 875
almonds : 0 : 750
reeses : 0 : 800
granolaBars : 0 : 775
andes : 0 : 700
mints : 0 : 750
starburst : 0 : 725
2015-11-17 05:04:42.918852
snickers : 0 : 875
almonds : 0 : 750
reeses : 0 : 800
granolaBars : 0 : 775
andes : 0 : 700
mints : 0 : 750
starburst : 0 : 725
2015-11-17 05:04:45.957498
snickers : 0 : 875
almonds : 0 : 750
reeses : 0 : 800
granolaBars : 0 : 775
andes : 0 : 700
mints : 0 : 750
starburst : 0 : 725
2015-11-17 05:04:48.989252
snickers : 0 : 875
almonds : 0 : 750
reeses : 0 : 800
granolaBars : 0 : 775
andes : 0 : 700
mints : 0 : 750
starburst : 0 : 725
2015-11-17 05:04:52.032557
snickers : 0 : 875
almonds : 0 : 750
reeses : 0 : 800
granolaBars : 0 : 775
andes : 0 : 700
mints : 0 : 750
starburst : 0 : 725
2015-11-17 05:04:55.069407
snickers : 0 : 875
almonds : 0 : 750
reeses : 0 : 800
granolaBars : 0 : 775
andes : 0 : 700
mints : 0 : 750
starburst : 0 : 725
2015-11-17 05:04:58.124513
snickers : 0 : 875
almonds : 0 : 750
reeses : 0 : 800
granolaBars : 0 : 775
andes : 0 : 700
mints : 0 : 750
starburst : 0 : 725
2015-11-17 05:05:01.160938
snickers : 0 : 875
almonds : 0 : 750
reeses : 0 : 800
granolaBars : 0 : 775
andes : 0 : 700
mints : 0 : 750
starburst : 0 : 725
2015-11-17 05:05:04.201305
snickers : 0 : 875
almonds : 0 : 750
reeses : 0 : 800
granolaBars : 0 : 775
andes : 0 : 700
mints : 0 : 750
starburst : 0 : 725
2015-11-17 05:05:07.226266
snickers : 0 : 875
almonds : 0 : 750
reeses : 0 : 800
granolaBars : 0 : 775
andes : 0 : 700
mints : 0 : 750
starburst : 0 : 725
2015-11-17 05:05:10.265536
snickers : 0 : 875
almonds : 0 : 750
reeses : 0 : 800
granolaBars : 0 : 775
andes : 0 : 700
mints : 0 : 750
starburst : 0 : 725
2015-11-17 05:05:13.308860
snickers : 0 : 875
almonds : 0 : 750
reeses : 0 : 800
granolaBars : 0 : 775
andes : 0 : 700
mints : 0 : 750
starburst : 0 : 725
2015-11-17 05:05:16.344333
snickers : 0 : 875
almonds : 0 : 750
reeses : 0 : 800
granolaBars : 0 : 775
andes : 0 : 700
mints : 0 : 750
starburst : 0 : 725
2015-11-17 05:05:19.372859
snickers : 0 : 875
almonds : 0 : 750
reeses : 0 : 800
granolaBars : 0 : 775
andes : 0 : 700
mints : 0 : 750
starburst : 0 : 725
2015-11-17 05:05:22.408858
snickers : 0 : 875
almonds : 0 : 750
reeses : 0 : 800
granolaBars : 0 : 775
andes : 0 : 700
mints : 0 : 750
starburst : 0 : 725
2015-11-17 05:05:25.440864
snickers : 0 : 875
almonds : 0 : 750
reeses : 0 : 800
granolaBars : 0 : 775
andes : 0 : 700
mints : 0 : 750
starburst : 0 : 725
2015-11-17 05:05:28.470531
snickers : 0 : 875
almonds : 0 : 750
reeses : 0 : 800
granolaBars : 0 : 775
andes : 0 : 700
mints : 0 : 750
starburst : 0 : 725
2015-11-17 05:05:31.500862
snickers : 0 : 875
almonds : 0 : 750
reeses : 0 : 800
granolaBars : 0 : 775
andes : 0 : 700
mints : 0 : 750
starburst : 0 : 725
2015-11-17 05:05:34.571172
snickers : 0 : 875
almonds : 0 : 750
reeses : 0 : 800
granolaBars : 0 : 775
andes : 0 : 700
mints : 0 : 750
starburst : 0 : 725
2015-11-17 05:05:37.623026
snickers : 0 : 875
almonds : 0 : 750
reeses : 0 : 800
granolaBars : 0 : 775
andes : 0 : 700
mints : 0 : 750
starburst : 0 : 725
2015-11-17 05:05:40.713509
snickers : 0 : 875
almonds : 0 : 750
reeses : 0 : 800
granolaBars : 0 : 775
andes : 0 : 700
mints : 0 : 750
starburst : 0 : 725
2015-11-17 05:05:43.755803
snickers : 0 : 875
almonds : 0 : 750
reeses : 0 : 800
granolaBars : 0 : 775
andes : 0 : 700
mints : 0 : 750
starburst : 0 : 725
2015-11-17 05:05:46.782653
snickers : 0 : 875
almonds : 0 : 750
reeses : 0 : 800
granolaBars : 0 : 775
andes : 0 : 700
mints : 0 : 750
starburst : 0 : 725
2015-11-17 05:05:49.812863
snickers : 0 : 875
almonds : 0 : 750
reeses : 0 : 800
granolaBars : 0 : 775
andes : 0 : 700
mints : 0 : 750
starburst : 0 : 725
2015-11-17 05:05:52.860862
snickers : 0 : 875
almonds : 0 : 750
reeses : 0 : 800
granolaBars : 0 : 775
andes : 0 : 700
mints : 0 : 750
starburst : 0 : 725
2015-11-17 05:05:55.900396
snickers : 0 : 875
almonds : 0 : 750
reeses : 0 : 800
granolaBars : 0 : 775
andes : 0 : 700
mints : 0 : 750
starburst : 0 : 725
2015-11-17 05:05:58.948865
snickers : 0 : 875
almonds : 0 : 750
reeses : 0 : 800
granolaBars : 0 : 775
andes : 0 : 700
mints : 0 : 750
starburst : 0 : 725
2015-11-17 05:06:01.977624
snickers : 0 : 875
almonds : 0 : 750
reeses : 0 : 800
granolaBars : 0 : 775
andes : 0 : 700
mints : 0 : 750
starburst : 0 : 725
2015-11-17 05:06:05.011359
snickers : 0 : 875
almonds : 0 : 750
reeses : 0 : 800
granolaBars : 0 : 775
andes : 0 : 700
mints : 0 : 750
starburst : 0 : 725
2015-11-17 05:06:08.046089
snickers : 0 : 875
almonds : 0 : 750
reeses : 0 : 800
granolaBars : 0 : 775
andes : 0 : 700
mints : 0 : 750
starburst : 0 : 725
2015-11-17 05:06:11.102023
snickers : 0 : 875
almonds : 0 : 750
reeses : 0 : 800
granolaBars : 0 : 775
andes : 0 : 700
mints : 0 : 750
starburst : 0 : 725
2015-11-17 05:06:14.133061
snickers : 0 : 875
almonds : 0 : 750
reeses : 0 : 800
granolaBars : 0 : 775
andes : 0 : 700
mints : 0 : 750
starburst : 0 : 725
2015-11-17 05:06:17.185726
snickers : 0 : 875
almonds : 0 : 750
reeses : 0 : 800
granolaBars : 0 : 775
andes : 0 : 700
mints : 0 : 750
starburst : 0 : 725
2015-11-17 05:06:20.240860
snickers : 0 : 875
almonds : 0 : 750
reeses : 0 : 800
granolaBars : 0 : 775
andes : 0 : 700
mints : 0 : 750
starburst : 0 : 725
2015-11-17 05:06:23.277053
snickers : 0 : 875
almonds : 0 : 750
reeses : 0 : 800
granolaBars : 0 : 775
andes : 0 : 700
mints : 0 : 750
starburst : 0 : 725
2015-11-17 05:06:26.329666
snickers : 0 : 875
almonds : 0 : 750
reeses : 0 : 800
granolaBars : 0 : 775
andes : 0 : 700
mints : 0 : 750
starburst : 0 : 725
2015-11-17 05:06:29.372863
snickers : 0 : 875
almonds : 0 : 750
reeses : 0 : 800
granolaBars : 0 : 775
andes : 0 : 700
mints : 0 : 750
starburst : 0 : 725
2015-11-17 05:06:32.405564
snickers : 0 : 875
almonds : 0 : 750
reeses : 0 : 800
granolaBars : 0 : 775
andes : 0 : 700
mints : 0 : 750
starburst : 0 : 725
2015-11-17 05:06:35.433075
snickers : 0 : 875
almonds : 0 : 750
reeses : 0 : 800
granolaBars : 0 : 775
andes : 0 : 700
mints : 0 : 750
starburst : 0 : 725
2015-11-17 05:06:38.472067
snickers : 0 : 875
almonds : 0 : 750
reeses : 0 : 800
granolaBars : 0 : 775
andes : 0 : 700
mints : 0 : 750
starburst : 0 : 725
2015-11-17 05:06:41.508869
snickers : 0 : 875
almonds : 0 : 750
reeses : 0 : 800
granolaBars : 0 : 775
andes : 0 : 700
mints : 0 : 750
starburst : 0 : 725
2015-11-17 05:06:44.556868
snickers : 0 : 875
almonds : 0 : 750
reeses : 0 : 800
granolaBars : 0 : 775
andes : 0 : 700
mints : 0 : 750
starburst : 0 : 725
2015-11-17 05:06:47.596864
snickers : 0 : 875
almonds : 0 : 750
reeses : 0 : 800
granolaBars : 0 : 775
andes : 0 : 700
mints : 0 : 750
starburst : 0 : 725
2015-11-17 05:06:50.655332
snickers : 0 : 875
almonds : 0 : 750
reeses : 0 : 800
granolaBars : 0 : 775
andes : 0 : 700
mints : 0 : 750
starburst : 0 : 725
2015-11-17 05:06:53.685833
snickers : 0 : 875
almonds : 0 : 750
reeses : 0 : 800
granolaBars : 0 : 775
andes : 0 : 700
mints : 0 : 750
starburst : 0 : 725
2015-11-17 05:06:56.748079
snickers : 0 : 875
almonds : 0 : 750
reeses : 0 : 800
granolaBars : 0 : 775
andes : 0 : 700
mints : 0 : 750
starburst : 0 : 725
2015-11-17 05:06:59.801329
snickers : 0 : 875
almonds : 0 : 750
reeses : 0 : 800
granolaBars : 0 : 775
andes : 0 : 700
mints : 0 : 750
starburst : 0 : 725
2015-11-17 05:07:02.844879
snickers : 0 : 875
almonds : 0 : 750
reeses : 0 : 800
granolaBars : 0 : 775
andes : 0 : 700
mints : 0 : 750
starburst : 0 : 725
2015-11-17 05:07:05.887642
snickers : 0 : 875
almonds : 0 : 750
reeses : 0 : 800
granolaBars : 0 : 775
andes : 0 : 700
mints : 0 : 750
starburst : 0 : 725
2015-11-17 05:07:08.927899
snickers : 0 : 875
almonds : 0 : 750
reeses : 0 : 800
granolaBars : 0 : 775
andes : 0 : 700
mints : 0 : 750
starburst : 0 : 725
2015-11-17 05:07:11.965501
snickers : 0 : 875
almonds : 0 : 750
reeses : 0 : 800
granolaBars : 0 : 775
andes : 0 : 700
mints : 0 : 750
starburst : 0 : 725
2015-11-17 05:07:15.005238
snickers : 0 : 875
almonds : 0 : 750
reeses : 0 : 800
granolaBars : 0 : 775
andes : 0 : 700
mints : 0 : 750
starburst : 0 : 725
2015-11-17 05:07:18.042095
snickers : 0 : 875
almonds : 0 : 750
reeses : 0 : 800
granolaBars : 0 : 775
andes : 0 : 700
mints : 0 : 750
starburst : 0 : 725
2015-11-17 05:07:21.082444
snickers : 0 : 875
almonds : 0 : 750
reeses : 0 : 800
granolaBars : 0 : 775
andes : 0 : 700
mints : 0 : 750
starburst : 0 : 725
2015-11-17 05:07:24.116927
snickers : 0 : 875
almonds : 0 : 750
reeses : 0 : 800
granolaBars : 0 : 775
andes : 0 : 700
mints : 0 : 750
starburst : 0 : 725
2015-11-17 05:07:27.148873
snickers : 0 : 875
almonds : 0 : 750
reeses : 0 : 800
granolaBars : 0 : 775
andes : 0 : 700
mints : 0 : 750
starburst : 0 : 725
2015-11-17 05:07:30.190017
snickers : 0 : 875
almonds : 0 : 750
reeses : 0 : 800
granolaBars : 0 : 775
andes : 0 : 700
mints : 0 : 750
starburst : 0 : 725
2015-11-17 05:07:33.229604
snickers : 0 : 875
almonds : 0 : 750
reeses : 0 : 800
granolaBars : 0 : 775
andes : 0 : 700
mints : 0 : 750
starburst : 0 : 725
2015-11-17 05:07:36.271458
snickers : 0 : 875
almonds : 0 : 750
reeses : 0 : 800
granolaBars : 0 : 775
andes : 0 : 700
mints : 0 : 750
starburst : 0 : 725
2015-11-17 05:07:39.311724
snickers : 0 : 875
almonds : 0 : 750
reeses : 0 : 800
granolaBars : 0 : 775
andes : 0 : 700
mints : 0 : 750
starburst : 0 : 725
2015-11-17 05:07:42.344861
snickers : 0 : 875
almonds : 0 : 750
reeses : 0 : 800
granolaBars : 0 : 775
andes : 0 : 700
mints : 0 : 750
starburst : 0 : 725
2015-11-17 05:07:45.374282
snickers : 0 : 875
almonds : 0 : 750
reeses : 0 : 800
granolaBars : 0 : 775
andes : 0 : 700
mints : 0 : 750
starburst : 0 : 725
2015-11-17 05:07:48.420888
snickers : 0 : 875
almonds : 0 : 750
reeses : 0 : 800
granolaBars : 0 : 775
andes : 0 : 700
mints : 0 : 750
starburst : 0 : 725
2015-11-17 05:07:51.450328
snickers : 0 : 875
almonds : 0 : 750
reeses : 0 : 800
granolaBars : 0 : 775
andes : 0 : 700
mints : 0 : 750
starburst : 0 : 725
2015-11-17 05:07:54.488875
snickers : 0 : 875
almonds : 0 : 750
reeses : 0 : 800
granolaBars : 0 : 775
andes : 0 : 700
mints : 0 : 750
starburst : 0 : 725
2015-11-17 05:07:57.527286
snickers : 0 : 875
almonds : 0 : 750
reeses : 0 : 800
granolaBars : 0 : 775
andes : 0 : 700
mints : 0 : 750
starburst : 0 : 725
2015-11-17 05:08:00.564868
snickers : 0 : 875
almonds : 0 : 750
reeses : 0 : 800
granolaBars : 0 : 775
andes : 0 : 700
mints : 0 : 750
starburst : 0 : 725
2015-11-17 05:08:03.592901
snickers : 0 : 875
almonds : 0 : 750
reeses : 0 : 800
granolaBars : 0 : 775
andes : 0 : 700
mints : 0 : 750
starburst : 0 : 725
2015-11-17 05:08:06.629181
snickers : 0 : 875
almonds : 0 : 750
reeses : 0 : 800
granolaBars : 0 : 775
andes : 0 : 700
mints : 0 : 750
starburst : 0 : 725
2015-11-17 05:08:09.666864
snickers : 0 : 875
almonds : 0 : 750
reeses : 0 : 800
granolaBars : 0 : 775
andes : 0 : 700
mints : 0 : 750
starburst : 0 : 725
2015-11-17 05:08:12.699439
snickers : 0 : 875
almonds : 0 : 750
reeses : 0 : 800
granolaBars : 0 : 775
andes : 0 : 700
mints : 0 : 750
starburst : 0 : 725
2015-11-17 05:08:15.742639
snickers : 0 : 875
almonds : 0 : 750
reeses : 0 : 800
granolaBars : 0 : 775
andes : 0 : 700
mints : 0 : 750
starburst : 0 : 725
2015-11-17 05:08:18.778510
snickers : 0 : 875
almonds : 0 : 750
reeses : 0 : 800
granolaBars : 0 : 775
andes : 0 : 700
mints : 0 : 750
starburst : 0 : 725
2015-11-17 05:08:21.818104
snickers : 0 : 875
almonds : 0 : 750
reeses : 0 : 800
granolaBars : 0 : 775
andes : 0 : 700
mints : 0 : 750
starburst : 0 : 725
2015-11-17 05:08:24.862482
snickers : 0 : 875
almonds : 0 : 750
reeses : 0 : 800
granolaBars : 0 : 775
andes : 0 : 700
mints : 0 : 750
starburst : 0 : 725
2015-11-17 05:08:27.912885
snickers : 0 : 875
almonds : 0 : 750
reeses : 0 : 800
granolaBars : 0 : 775
andes : 0 : 700
mints : 0 : 750
starburst : 0 : 725
2015-11-17 05:08:30.961397
snickers : 0 : 875
almonds : 0 : 750
reeses : 0 : 800
granolaBars : 0 : 775
andes : 0 : 700
mints : 0 : 750
starburst : 0 : 725
2015-11-17 05:08:34.000863
snickers : 0 : 875
almonds : 0 : 750
reeses : 0 : 800
granolaBars : 0 : 775
andes : 0 : 700
mints : 0 : 750
starburst : 0 : 725
2015-11-17 05:08:37.052686
snickers : 0 : 875
almonds : 0 : 750
reeses : 0 : 800
granolaBars : 0 : 775
andes : 0 : 700
mints : 0 : 750
starburst : 0 : 725
2015-11-17 05:08:40.088154
snickers : 0 : 875
almonds : 0 : 750
reeses : 0 : 800
granolaBars : 0 : 775
andes : 0 : 700
mints : 0 : 750
starburst : 0 : 725
2015-11-17 05:08:43.132862
snickers : 0 : 875
almonds : 0 : 750
reeses : 0 : 800
granolaBars : 0 : 775
andes : 0 : 700
mints : 0 : 750
starburst : 0 : 725
2015-11-17 05:08:46.159938
snickers : 0 : 875
almonds : 0 : 750
reeses : 0 : 800
granolaBars : 0 : 775
andes : 0 : 700
mints : 0 : 750
starburst : 0 : 725
2015-11-17 05:08:49.201737
snickers : 0 : 875
almonds : 0 : 750
reeses : 0 : 800
granolaBars : 0 : 775
andes : 0 : 700
mints : 0 : 750
starburst : 0 : 725
2015-11-17 05:08:52.247522
snickers : 0 : 875
almonds : 0 : 750
reeses : 0 : 800
granolaBars : 0 : 775
andes : 0 : 700
mints : 0 : 750
starburst : 0 : 725
2015-11-17 05:08:55.280084
snickers : 0 : 875
almonds : 0 : 750
reeses : 0 : 800
granolaBars : 0 : 775
andes : 0 : 700
mints : 0 : 750
starburst : 0 : 725
2015-11-17 05:08:58.315444
snickers : 0 : 875
almonds : 0 : 750
reeses : 0 : 800
granolaBars : 0 : 775
andes : 0 : 700
mints : 0 : 750
starburst : 0 : 725
2015-11-17 05:09:01.348880
snickers : 0 : 875
almonds : 0 : 750
reeses : 0 : 800
granolaBars : 0 : 775
andes : 0 : 700
mints : 0 : 750
starburst : 0 : 725
2015-11-17 05:09:04.392862
snickers : 0 : 875
almonds : 0 : 750
reeses : 0 : 800
granolaBars : 0 : 775
andes : 0 : 700
mints : 0 : 750
starburst : 0 : 725
2015-11-17 05:09:07.436861
snickers : 0 : 875
almonds : 0 : 750
reeses : 0 : 800
granolaBars : 0 : 775
andes : 0 : 700
mints : 0 : 750
starburst : 0 : 725
2015-11-17 05:09:10.477312
snickers : 0 : 875
almonds : 0 : 750
reeses : 0 : 800
granolaBars : 0 : 775
andes : 0 : 700
mints : 0 : 750
starburst : 0 : 725
2015-11-17 05:09:13.522219
snickers : 0 : 875
almonds : 0 : 750
reeses : 0 : 800
granolaBars : 0 : 775
andes : 0 : 700
mints : 0 : 750
starburst : 0 : 725
2015-11-17 05:09:16.556863
snickers : 0 : 875
almonds : 0 : 750
reeses : 0 : 800
granolaBars : 0 : 775
andes : 0 : 700
mints : 0 : 750
starburst : 0 : 725
2015-11-17 05:09:19.591900
snickers : 0 : 875
almonds : 0 : 750
reeses : 0 : 800
granolaBars : 0 : 775
andes : 0 : 700
mints : 0 : 750
starburst : 0 : 725
2015-11-17 05:09:22.637335
snickers : 0 : 875
almonds : 0 : 750
reeses : 0 : 800
granolaBars : 0 : 775
andes : 0 : 700
mints : 0 : 750
starburst : 0 : 725
2015-11-17 05:09:25.673963
snickers : 0 : 875
almonds : 0 : 750
reeses : 0 : 800
granolaBars : 0 : 775
andes : 0 : 700
mints : 0 : 750
starburst : 0 : 725
2015-11-17 05:09:28.716877
snickers : 0 : 875
almonds : 0 : 750
reeses : 0 : 800
granolaBars : 0 : 775
andes : 0 : 700
mints : 0 : 750
starburst : 0 : 725
2015-11-17 05:09:31.749908
snickers : 0 : 875
almonds : 0 : 750
reeses : 0 : 800
granolaBars : 0 : 775
andes : 0 : 700
mints : 0 : 750
starburst : 0 : 725
2015-11-17 05:09:34.788882
snickers : 0 : 875
almonds : 0 : 750
reeses : 0 : 800
granolaBars : 0 : 775
andes : 0 : 700
mints : 0 : 750
starburst : 0 : 725
2015-11-17 05:09:37.830965
snickers : 0 : 875
almonds : 0 : 750
reeses : 0 : 800
granolaBars : 0 : 775
andes : 0 : 700
mints : 0 : 750
starburst : 0 : 725
2015-11-17 05:09:40.874108
snickers : 0 : 875
almonds : 0 : 750
reeses : 0 : 800
granolaBars : 0 : 775
andes : 0 : 700
mints : 0 : 750
starburst : 0 : 725
2015-11-17 05:09:43.913675
snickers : 0 : 875
almonds : 0 : 750
reeses : 0 : 800
granolaBars : 0 : 775
andes : 0 : 700
mints : 0 : 750
starburst : 0 : 725
2015-11-17 05:09:46.948861
snickers : 0 : 875
almonds : 0 : 750
reeses : 0 : 800
granolaBars : 0 : 775
andes : 0 : 700
mints : 0 : 750
starburst : 0 : 725
2015-11-17 05:09:49.996238
snickers : 0 : 875
almonds : 0 : 750
reeses : 0 : 800
granolaBars : 0 : 775
andes : 0 : 700
mints : 0 : 750
starburst : 0 : 725
2015-11-17 05:09:53.032861
snickers : 0 : 875
almonds : 0 : 750
reeses : 0 : 800
granolaBars : 0 : 775
andes : 0 : 700
mints : 0 : 750
starburst : 0 : 725
2015-11-17 05:09:56.073381
snickers : 0 : 875
almonds : 0 : 750
reeses : 0 : 800
granolaBars : 0 : 775
andes : 0 : 700
mints : 0 : 750
starburst : 0 : 725
2015-11-17 05:09:59.109477
snickers : 0 : 875
almonds : 0 : 750
reeses : 0 : 800
granolaBars : 0 : 775
andes : 0 : 700
mints : 0 : 750
starburst : 0 : 725
2015-11-17 05:10:02.140723
snickers : 0 : 875
almonds : 0 : 750
reeses : 0 : 800
granolaBars : 0 : 775
andes : 0 : 700
mints : 0 : 750
starburst : 0 : 725
2015-11-17 05:10:05.191873
snickers : 0 : 875
almonds : 0 : 750
reeses : 0 : 800
granolaBars : 0 : 775
andes : 0 : 700
mints : 0 : 750
starburst : 0 : 725
2015-11-17 05:10:08.221037
snickers : 0 : 875
almonds : 0 : 750
reeses : 0 : 800
granolaBars : 0 : 775
andes : 0 : 700
mints : 0 : 750
starburst : 0 : 725
2015-11-17 05:10:11.252883
snickers : 0 : 875
almonds : 0 : 750
reeses : 0 : 800
granolaBars : 0 : 775
andes : 0 : 700
mints : 0 : 750
starburst : 0 : 725
2015-11-17 05:10:14.276204
snickers : 0 : 875
almonds : 0 : 750
reeses : 0 : 800
granolaBars : 0 : 775
andes : 0 : 700
mints : 0 : 750
starburst : 0 : 725
2015-11-17 05:10:17.313106
snickers : 0 : 875
almonds : 0 : 750
reeses : 0 : 800
granolaBars : 0 : 775
andes : 0 : 700
mints : 0 : 750
starburst : 0 : 725
2015-11-17 05:10:20.352908
snickers : 0 : 875
almonds : 0 : 750
reeses : 0 : 800
granolaBars : 0 : 775
andes : 0 : 700
mints : 0 : 750
starburst : 0 : 725
2015-11-17 05:10:23.391210
snickers : 0 : 875
almonds : 0 : 750
reeses : 0 : 800
granolaBars : 0 : 775
andes : 0 : 700
mints : 0 : 750
starburst : 0 : 725
2015-11-17 05:10:26.437062
snickers : 0 : 875
almonds : 0 : 750
reeses : 0 : 800
granolaBars : 0 : 775
andes : 0 : 700
mints : 0 : 750
starburst : 0 : 725
2015-11-17 05:10:29.484865
snickers : 0 : 875
almonds : 0 : 750
reeses : 0 : 800
granolaBars : 0 : 775
andes : 0 : 700
mints : 0 : 750
starburst : 0 : 725
2015-11-17 05:10:32.524862
snickers : 0 : 875
almonds : 0 : 750
reeses : 0 : 800
granolaBars : 0 : 775
andes : 0 : 700
mints : 0 : 750
starburst : 0 : 725
2015-11-17 05:10:35.564434
snickers : 0 : 875
almonds : 0 : 750
reeses : 0 : 800
granolaBars : 0 : 775
andes : 0 : 700
mints : 0 : 750
starburst : 0 : 725
2015-11-17 05:10:38.600877
snickers : 0 : 875
almonds : 0 : 750
reeses : 0 : 800
granolaBars : 0 : 775
andes : 0 : 700
mints : 0 : 750
starburst : 0 : 725
2015-11-17 05:10:41.645966
snickers : 0 : 875
almonds : 0 : 750
reeses : 0 : 800
granolaBars : 0 : 775
andes : 0 : 700
mints : 0 : 750
starburst : 0 : 725
2015-11-17 05:10:44.685310
snickers : 0 : 875
almonds : 0 : 750
reeses : 0 : 800
granolaBars : 0 : 775
andes : 0 : 700
mints : 0 : 750
starburst : 0 : 725
2015-11-17 05:10:47.741012
snickers : 0 : 875
almonds : 0 : 750
reeses : 0 : 800
granolaBars : 0 : 775
andes : 0 : 700
mints : 0 : 750
starburst : 0 : 725
2015-11-17 05:10:50.776886
snickers : 0 : 875
almonds : 0 : 750
reeses : 0 : 800
granolaBars : 0 : 775
andes : 0 : 700
mints : 0 : 750
starburst : 0 : 725
2015-11-17 05:10:53.813579
snickers : 0 : 875
almonds : 0 : 750
reeses : 0 : 800
granolaBars : 0 : 775
andes : 0 : 700
mints : 0 : 750
starburst : 0 : 725
2015-11-17 05:10:56.844010
snickers : 0 : 875
almonds : 0 : 750
reeses : 0 : 800
granolaBars : 0 : 775
andes : 0 : 700
mints : 0 : 750
starburst : 0 : 725
2015-11-17 05:10:59.884888
snickers : 0 : 875
almonds : 0 : 750
reeses : 0 : 800
granolaBars : 0 : 775
andes : 0 : 700
mints : 0 : 750
starburst : 0 : 725
2015-11-17 05:11:02.925895
snickers : 0 : 875
almonds : 0 : 750
reeses : 0 : 800
granolaBars : 0 : 775
andes : 0 : 700
mints : 0 : 750
starburst : 0 : 725
2015-11-17 05:11:05.966309
snickers : 0 : 875
almonds : 0 : 750
reeses : 0 : 800
granolaBars : 0 : 775
andes : 0 : 700
mints : 0 : 750
starburst : 0 : 725
2015-11-17 05:11:09.016880
snickers : 0 : 875
almonds : 0 : 750
reeses : 0 : 800
granolaBars : 0 : 775
andes : 0 : 700
mints : 0 : 750
starburst : 0 : 725
2015-11-17 05:11:12.041553
snickers : 0 : 875
almonds : 0 : 750
reeses : 0 : 800
granolaBars : 0 : 775
andes : 0 : 700
mints : 0 : 750
starburst : 0 : 725
2015-11-17 05:11:15.071154
snickers : 0 : 875
almonds : 0 : 750
reeses : 0 : 800
granolaBars : 0 : 775
andes : 0 : 700
mints : 0 : 750
starburst : 0 : 725
2015-11-17 05:11:18.113912
snickers : 0 : 875
almonds : 0 : 750
reeses : 0 : 800
granolaBars : 0 : 775
andes : 0 : 700
mints : 0 : 750
starburst : 0 : 725
2015-11-17 05:11:21.147159
snickers : 0 : 875
almonds : 0 : 750
reeses : 0 : 800
granolaBars : 0 : 775
andes : 0 : 700
mints : 0 : 750
starburst : 0 : 725
2015-11-17 05:11:24.184880
snickers : 0 : 875
almonds : 0 : 750
reeses : 0 : 800
granolaBars : 0 : 775
andes : 0 : 700
mints : 0 : 750
starburst : 0 : 725
2015-11-17 05:11:27.228862
snickers : 0 : 875
almonds : 0 : 750
reeses : 0 : 800
granolaBars : 0 : 775
andes : 0 : 700
mints : 0 : 750
starburst : 0 : 725
2015-11-17 05:11:30.273577
snickers : 0 : 875
almonds : 0 : 750
reeses : 0 : 800
granolaBars : 0 : 775
andes : 0 : 700
mints : 0 : 750
starburst : 0 : 725
2015-11-17 05:11:33.311758
snickers : 0 : 875
almonds : 0 : 750
reeses : 0 : 800
granolaBars : 0 : 775
andes : 0 : 700
mints : 0 : 750
starburst : 0 : 725
2015-11-17 05:11:36.357866
snickers : 0 : 875
almonds : 0 : 750
reeses : 0 : 800
granolaBars : 0 : 775
andes : 0 : 700
mints : 0 : 750
starburst : 0 : 725
2015-11-17 05:11:39.403318
snickers : 0 : 875
almonds : 0 : 750
reeses : 0 : 800
granolaBars : 0 : 775
andes : 0 : 700
mints : 0 : 750
starburst : 0 : 725
2015-11-17 05:11:42.442085
snickers : 0 : 875
almonds : 0 : 750
reeses : 0 : 800
granolaBars : 0 : 775
andes : 0 : 700
mints : 0 : 750
starburst : 0 : 725
2015-11-17 05:11:45.480584
snickers : 0 : 875
almonds : 0 : 750
reeses : 0 : 800
granolaBars : 0 : 775
andes : 0 : 700
mints : 0 : 750
starburst : 0 : 725
2015-11-17 05:11:48.522065
snickers : 0 : 875
almonds : 0 : 750
reeses : 0 : 800
granolaBars : 0 : 775
andes : 0 : 700
mints : 0 : 750
starburst : 0 : 725
2015-11-17 05:11:51.552861
snickers : 0 : 875
almonds : 0 : 750
reeses : 0 : 800
granolaBars : 0 : 775
andes : 0 : 700
mints : 0 : 750
starburst : 0 : 725
2015-11-17 05:11:54.590502
snickers : 0 : 875
almonds : 0 : 750
reeses : 0 : 800
granolaBars : 0 : 775
andes : 0 : 700
mints : 0 : 750
starburst : 0 : 725
2015-11-17 05:11:57.622767
snickers : 0 : 875
almonds : 0 : 750
reeses : 0 : 800
granolaBars : 0 : 775
andes : 0 : 700
mints : 0 : 750
starburst : 0 : 725
2015-11-17 05:12:00.667759
snickers : 0 : 875
almonds : 0 : 750
reeses : 0 : 800
granolaBars : 0 : 775
andes : 0 : 700
mints : 0 : 750
starburst : 0 : 725
2015-11-17 05:12:03.705404
snickers : 0 : 875
almonds : 0 : 750
reeses : 0 : 800
granolaBars : 0 : 775
andes : 0 : 700
mints : 0 : 750
starburst : 0 : 725
2015-11-17 05:12:06.743608
snickers : 0 : 875
almonds : 0 : 750
reeses : 0 : 800
granolaBars : 0 : 775
andes : 0 : 700
mints : 0 : 750
starburst : 0 : 725
2015-11-17 05:12:09.778236
snickers : 0 : 875
almonds : 0 : 750
reeses : 0 : 800
granolaBars : 0 : 775
andes : 0 : 700
mints : 0 : 750
starburst : 0 : 725
2015-11-17 05:12:12.814393
snickers : 0 : 875
almonds : 0 : 750
reeses : 0 : 800
granolaBars : 0 : 775
andes : 0 : 700
mints : 0 : 750
starburst : 0 : 725
2015-11-17 05:12:15.853232
snickers : 0 : 875
almonds : 0 : 750
reeses : 0 : 800
granolaBars : 0 : 775
andes : 0 : 700
mints : 0 : 750
starburst : 0 : 725
2015-11-17 05:12:18.892864
snickers : 0 : 875
almonds : 0 : 750
reeses : 0 : 800
granolaBars : 0 : 775
andes : 0 : 700
mints : 0 : 750
starburst : 0 : 725
2015-11-17 05:12:21.930966
snickers : 0 : 875
almonds : 0 : 750
reeses : 0 : 800
granolaBars : 0 : 775
andes : 0 : 700
mints : 0 : 750
starburst : 0 : 725
2015-11-17 05:12:24.978237
snickers : 0 : 875
almonds : 0 : 750
reeses : 0 : 800
granolaBars : 0 : 775
andes : 0 : 700
mints : 0 : 750
starburst : 0 : 725
2015-11-17 05:12:28.012860
snickers : 0 : 875
almonds : 0 : 750
reeses : 0 : 800
granolaBars : 0 : 775
andes : 0 : 700
mints : 0 : 750
starburst : 0 : 725
2015-11-17 05:12:31.047079
snickers : 0 : 875
almonds : 0 : 750
reeses : 0 : 800
granolaBars : 0 : 775
andes : 0 : 700
mints : 0 : 750
starburst : 0 : 725
2015-11-17 05:12:34.096156
snickers : 0 : 875
almonds : 0 : 750
reeses : 0 : 800
granolaBars : 0 : 775
andes : 0 : 700
mints : 0 : 750
starburst : 0 : 725
2015-11-17 05:12:37.132871
snickers : 0 : 875
almonds : 0 : 750
reeses : 0 : 800
granolaBars : 0 : 775
andes : 0 : 700
mints : 0 : 750
starburst : 0 : 725
2015-11-17 05:12:40.166029
snickers : 0 : 875
almonds : 0 : 750
reeses : 0 : 800
granolaBars : 0 : 775
andes : 0 : 700
mints : 0 : 750
starburst : 0 : 725
2015-11-17 05:12:43.213260
snickers : 0 : 875
almonds : 0 : 750
reeses : 0 : 800
granolaBars : 0 : 775
andes : 0 : 700
mints : 0 : 750
starburst : 0 : 725
2015-11-17 05:12:46.264223
snickers : 0 : 875
almonds : 0 : 750
reeses : 0 : 800
granolaBars : 0 : 775
andes : 0 : 700
mints : 0 : 750
starburst : 0 : 725
2015-11-17 05:12:49.286323
snickers : 0 : 875
almonds : 0 : 750
reeses : 0 : 800
granolaBars : 0 : 775
andes : 0 : 700
mints : 0 : 750
starburst : 0 : 725
2015-11-17 05:12:52.322664
snickers : 0 : 875
almonds : 0 : 750
reeses : 0 : 800
granolaBars : 0 : 775
andes : 0 : 700
mints : 0 : 750
starburst : 0 : 725
2015-11-17 05:12:55.348488
snickers : 0 : 875
almonds : 0 : 750
reeses : 0 : 800
granolaBars : 0 : 775
andes : 0 : 700
mints : 0 : 750
starburst : 0 : 725
2015-11-17 05:12:58.382671
snickers : 0 : 875
almonds : 0 : 750
reeses : 0 : 800
granolaBars : 0 : 775
andes : 0 : 700
mints : 0 : 750
starburst : 0 : 725
2015-11-17 05:13:01.423402
snickers : 0 : 875
almonds : 0 : 750
reeses : 0 : 800
granolaBars : 0 : 775
andes : 0 : 700
mints : 0 : 750
starburst : 0 : 725
2015-11-17 05:13:04.455968
snickers : 0 : 875
almonds : 0 : 750
reeses : 0 : 800
granolaBars : 0 : 775
andes : 0 : 700
mints : 0 : 750
starburst : 0 : 725
2015-11-17 05:13:07.482431
snickers : 0 : 875
almonds : 0 : 750
reeses : 0 : 800
granolaBars : 0 : 775
andes : 0 : 700
mints : 0 : 750
starburst : 0 : 725
2015-11-17 05:13:10.518834
snickers : 0 : 875
almonds : 0 : 750
reeses : 0 : 800
granolaBars : 0 : 775
andes : 0 : 700
mints : 0 : 750
starburst : 0 : 725
2015-11-17 05:13:13.570365
snickers : 0 : 875
almonds : 0 : 750
reeses : 0 : 800
granolaBars : 0 : 775
andes : 0 : 700
mints : 0 : 750
starburst : 0 : 725
2015-11-17 05:13:16.608862
snickers : 0 : 875
almonds : 0 : 750
reeses : 0 : 800
granolaBars : 0 : 775
andes : 0 : 700
mints : 0 : 750
starburst : 0 : 725
2015-11-17 05:13:19.644021
snickers : 0 : 875
almonds : 0 : 750
reeses : 0 : 800
granolaBars : 0 : 775
andes : 0 : 700
mints : 0 : 750
starburst : 0 : 725
2015-11-17 05:13:22.690630
snickers : 0 : 875
almonds : 0 : 750
reeses : 0 : 800
granolaBars : 0 : 775
andes : 0 : 700
mints : 0 : 750
starburst : 0 : 725
2015-11-17 05:13:25.725256
snickers : 0 : 875
almonds : 0 : 750
reeses : 0 : 800
granolaBars : 0 : 775
andes : 0 : 700
mints : 0 : 750
starburst : 0 : 725
2015-11-17 05:13:28.752443
snickers : 0 : 875
almonds : 0 : 750
reeses : 0 : 800
granolaBars : 0 : 775
andes : 0 : 700
mints : 0 : 750
starburst : 0 : 725
2015-11-17 05:13:31.786202
snickers : 0 : 875
almonds : 0 : 750
reeses : 0 : 800
granolaBars : 0 : 775
andes : 0 : 700
mints : 0 : 750
starburst : 0 : 725
2015-11-17 05:13:34.828765
snickers : 0 : 875
almonds : 0 : 750
reeses : 0 : 800
granolaBars : 0 : 775
andes : 0 : 700
mints : 0 : 750
starburst : 0 : 725
2015-11-17 05:13:37.848155
snickers : 0 : 875
almonds : 0 : 750
reeses : 0 : 800
granolaBars : 0 : 775
andes : 0 : 700
mints : 0 : 750
starburst : 0 : 725
2015-11-17 05:13:40.880384
snickers : 0 : 875
almonds : 0 : 750
reeses : 0 : 800
granolaBars : 0 : 775
andes : 0 : 700
mints : 0 : 750
starburst : 0 : 725
2015-11-17 05:13:43.922034
snickers : 0 : 875
almonds : 0 : 750
reeses : 0 : 800
granolaBars : 0 : 775
andes : 0 : 700
mints : 0 : 750
starburst : 0 : 725
2015-11-17 05:13:46.962160
snickers : 0 : 875
almonds : 0 : 750
reeses : 0 : 800
granolaBars : 0 : 775
andes : 0 : 700
mints : 0 : 750
starburst : 0 : 725
2015-11-17 05:13:49.989213
snickers : 0 : 875
almonds : 0 : 750
reeses : 0 : 800
granolaBars : 0 : 775
andes : 0 : 700
mints : 0 : 750
starburst : 0 : 725
2015-11-17 05:13:53.021140
snickers : 0 : 875
almonds : 0 : 750
reeses : 0 : 800
granolaBars : 0 : 775
andes : 0 : 700
mints : 0 : 750
starburst : 0 : 725
2015-11-17 05:13:56.056183
snickers : 0 : 875
almonds : 0 : 750
reeses : 0 : 800
granolaBars : 0 : 775
andes : 0 : 700
mints : 0 : 750
starburst : 0 : 725
2015-11-17 05:13:59.096465
snickers : 0 : 875
almonds : 0 : 750
reeses : 0 : 800
granolaBars : 0 : 775
andes : 0 : 700
mints : 0 : 750
starburst : 0 : 725
2015-11-17 05:14:02.119522
snickers : 0 : 875
almonds : 0 : 750
reeses : 0 : 800
granolaBars : 0 : 775
andes : 0 : 700
mints : 0 : 750
starburst : 0 : 725
2015-11-17 05:14:05.156232
snickers : 0 : 875
almonds : 0 : 750
reeses : 0 : 800
granolaBars : 0 : 775
andes : 0 : 700
mints : 0 : 750
starburst : 0 : 725
2015-11-17 05:14:08.193202
snickers : 0 : 875
almonds : 0 : 750
reeses : 0 : 800
granolaBars : 0 : 775
andes : 0 : 700
mints : 0 : 750
starburst : 0 : 725
2015-11-17 05:14:11.232614
snickers : 0 : 875
almonds : 0 : 750
reeses : 0 : 800
granolaBars : 0 : 775
andes : 0 : 700
mints : 0 : 750
starburst : 0 : 725
2015-11-17 05:14:14.270935
snickers : 0 : 875
almonds : 0 : 750
reeses : 0 : 800
granolaBars : 0 : 775
andes : 0 : 700
mints : 0 : 750
starburst : 0 : 725
2015-11-17 05:14:17.300090
snickers : 0 : 875
almonds : 0 : 750
reeses : 0 : 800
granolaBars : 0 : 775
andes : 0 : 700
mints : 0 : 750
starburst : 0 : 725
2015-11-17 05:14:20.330019
snickers : 0 : 875
almonds : 0 : 750
reeses : 0 : 800
granolaBars : 0 : 775
andes : 0 : 700
mints : 0 : 750
starburst : 0 : 725
2015-11-17 05:14:23.408019
snickers : 0 : 875
almonds : 0 : 750
reeses : 0 : 800
granolaBars : 0 : 775
andes : 0 : 700
mints : 0 : 750
starburst : 0 : 725
2015-11-17 05:14:26.430665
snickers : 0 : 875
almonds : 0 : 750
reeses : 0 : 800
granolaBars : 0 : 775
andes : 0 : 700
mints : 0 : 750
starburst : 0 : 725
2015-11-17 05:14:29.477746
snickers : 0 : 875
almonds : 0 : 750
reeses : 0 : 800
granolaBars : 0 : 775
andes : 0 : 700
mints : 0 : 750
starburst : 0 : 725
2015-11-17 05:14:32.510401
snickers : 0 : 875
almonds : 0 : 750
reeses : 0 : 800
granolaBars : 0 : 775
andes : 0 : 700
mints : 0 : 750
starburst : 0 : 725
2015-11-17 05:14:35.553006
snickers : 0 : 875
almonds : 0 : 750
reeses : 0 : 800
granolaBars : 0 : 775
andes : 0 : 700
mints : 0 : 750
starburst : 0 : 725
2015-11-17 05:14:38.583186
snickers : 0 : 875
almonds : 0 : 750
reeses : 0 : 800
granolaBars : 0 : 775
andes : 0 : 700
mints : 0 : 750
starburst : 0 : 725
2015-11-17 05:14:41.613994
snickers : 0 : 875
almonds : 0 : 750
reeses : 0 : 800
granolaBars : 0 : 775
andes : 0 : 700
mints : 0 : 750
starburst : 0 : 725
2015-11-17 05:14:44.649513
snickers : 0 : 875
almonds : 0 : 750
reeses : 0 : 800
granolaBars : 0 : 775
andes : 0 : 700
mints : 0 : 750
starburst : 0 : 725
2015-11-17 05:14:47.688684
snickers : 0 : 875
almonds : 0 : 750
reeses : 0 : 800
granolaBars : 0 : 775
andes : 0 : 700
mints : 0 : 750
starburst : 0 : 725
2015-11-17 05:14:50.712855
snickers : 0 : 875
almonds : 0 : 750
reeses : 0 : 800
granolaBars : 0 : 775
andes : 0 : 700
mints : 0 : 750
starburst : 0 : 725
