1447688871.350147 - smartdata - INFO - Using webserver: localhost:3000
1447688871.350406 - smartdata - INFO - Priming data...
1447688871.350486 - smartdata - INFO - Populating past data...
1447688871.357759 - smartdata - WARNING - Failed sensor update: {'value_ts': datetime.datetime(2015, 11, 11, 8, 47, 51, 350385), 'sensor_id': 'temp_BirdCage', 'value': 69}
1447688876.362389 - smartdata - WARNING - Failed sensor update: {'value_ts': datetime.datetime(2015, 11, 11, 8, 47, 51, 350385), 'sensor_id': 'temp_BirdCage', 'value': 69}
1447688881.366157 - smartdata - WARNING - Failed sensor update: {'value_ts': datetime.datetime(2015, 11, 11, 8, 47, 51, 350385), 'sensor_id': 'temp_BirdCage', 'value': 69}
1447688886.368418 - smartdata - WARNING - Failed sensor update: {'value_ts': datetime.datetime(2015, 11, 11, 8, 47, 51, 350385), 'sensor_id': 'temp_BirdCage', 'value': 69}
1447688891.371056 - smartdata - WARNING - Failed sensor update: {'value_ts': datetime.datetime(2015, 11, 11, 8, 47, 51, 350385), 'sensor_id': 'temp_BirdCage', 'value': 69}
1447688896.374747 - smartdata - WARNING - Failed sensor update: {'value_ts': datetime.datetime(2015, 11, 11, 8, 47, 51, 350385), 'sensor_id': 'temp_BirdCage', 'value': 69}
1447688901.380862 - smartdata - WARNING - Failed sensor update: {'value_ts': datetime.datetime(2015, 11, 11, 8, 47, 51, 350385), 'sensor_id': 'temp_BirdCage', 'value': 69}
1447688906.387043 - smartdata - WARNING - Failed sensor update: {'value_ts': datetime.datetime(2015, 11, 11, 8, 47, 51, 350385), 'sensor_id': 'temp_BirdCage', 'value': 69}
1447688911.393142 - smartdata - WARNING - Failed sensor update: {'value_ts': datetime.datetime(2015, 11, 11, 8, 47, 51, 350385), 'sensor_id': 'temp_BirdCage', 'value': 69}
1447688916.401084 - smartdata - WARNING - Failed sensor update: {'value_ts': datetime.datetime(2015, 11, 11, 8, 47, 51, 350385), 'sensor_id': 'temp_BirdCage', 'value': 69}
1447688921.407895 - smartdata - WARNING - Failed sensor update: {'value_ts': datetime.datetime(2015, 11, 11, 8, 47, 51, 350385), 'sensor_id': 'temp_BirdCage', 'value': 69}
1447688926.414207 - smartdata - WARNING - Failed sensor update: {'value_ts': datetime.datetime(2015, 11, 11, 8, 47, 51, 350385), 'sensor_id': 'temp_BirdCage', 'value': 69}
1447688931.421114 - smartdata - WARNING - Failed sensor update: {'value_ts': datetime.datetime(2015, 11, 11, 8, 47, 51, 350385), 'sensor_id': 'temp_BirdCage', 'value': 69}
1447688936.424571 - smartdata - WARNING - Failed sensor update: {'value_ts': datetime.datetime(2015, 11, 11, 8, 47, 51, 350385), 'sensor_id': 'temp_BirdCage', 'value': 69}
1447688941.431073 - smartdata - WARNING - Failed sensor update: {'value_ts': datetime.datetime(2015, 11, 11, 8, 47, 51, 350385), 'sensor_id': 'temp_BirdCage', 'value': 69}
1447688946.437945 - smartdata - WARNING - Failed sensor update: {'value_ts': datetime.datetime(2015, 11, 11, 8, 47, 51, 350385), 'sensor_id': 'temp_BirdCage', 'value': 69}
1447688951.445804 - smartdata - WARNING - Failed sensor update: {'value_ts': datetime.datetime(2015, 11, 11, 8, 47, 51, 350385), 'sensor_id': 'temp_BirdCage', 'value': 69}
1447688956.454009 - smartdata - WARNING - Failed sensor update: {'value_ts': datetime.datetime(2015, 11, 11, 8, 47, 51, 350385), 'sensor_id': 'temp_BirdCage', 'value': 69}
1447688961.462202 - smartdata - WARNING - Failed sensor update: {'value_ts': datetime.datetime(2015, 11, 11, 8, 47, 51, 350385), 'sensor_id': 'temp_BirdCage', 'value': 69}
1447688966.471182 - smartdata - WARNING - Failed sensor update: {'value_ts': datetime.datetime(2015, 11, 11, 8, 47, 51, 350385), 'sensor_id': 'temp_BirdCage', 'value': 69}
1447688971.480306 - smartdata - WARNING - Failed sensor update: {'value_ts': datetime.datetime(2015, 11, 11, 8, 47, 51, 350385), 'sensor_id': 'temp_BirdCage', 'value': 69}
1447688976.487083 - smartdata - WARNING - Failed sensor update: {'value_ts': datetime.datetime(2015, 11, 11, 8, 47, 51, 350385), 'sensor_id': 'temp_BirdCage', 'value': 69}
1447688981.490220 - smartdata - WARNING - Failed sensor update: {'value_ts': datetime.datetime(2015, 11, 11, 8, 47, 51, 350385), 'sensor_id': 'temp_BirdCage', 'value': 69}
1447688986.496375 - smartdata - WARNING - Failed sensor update: {'value_ts': datetime.datetime(2015, 11, 11, 8, 47, 51, 350385), 'sensor_id': 'temp_BirdCage', 'value': 69}
1447688991.503257 - smartdata - WARNING - Failed sensor update: {'value_ts': datetime.datetime(2015, 11, 11, 8, 47, 51, 350385), 'sensor_id': 'temp_BirdCage', 'value': 69}
1447688996.510406 - smartdata - WARNING - Failed sensor update: {'value_ts': datetime.datetime(2015, 11, 11, 8, 47, 51, 350385), 'sensor_id': 'temp_BirdCage', 'value': 69}
1447689001.517106 - smartdata - WARNING - Failed sensor update: {'value_ts': datetime.datetime(2015, 11, 11, 8, 47, 51, 350385), 'sensor_id': 'temp_BirdCage', 'value': 69}
1447689006.525075 - smartdata - WARNING - Failed sensor update: {'value_ts': datetime.datetime(2015, 11, 11, 8, 47, 51, 350385), 'sensor_id': 'temp_BirdCage', 'value': 69}
1447689011.530809 - smartdata - WARNING - Failed sensor update: {'value_ts': datetime.datetime(2015, 11, 11, 8, 47, 51, 350385), 'sensor_id': 'temp_BirdCage', 'value': 69}
1447689016.539020 - smartdata - WARNING - Failed sensor update: {'value_ts': datetime.datetime(2015, 11, 11, 8, 47, 51, 350385), 'sensor_id': 'temp_BirdCage', 'value': 69}
1447689021.546671 - smartdata - WARNING - Failed sensor update: {'value_ts': datetime.datetime(2015, 11, 11, 8, 47, 51, 350385), 'sensor_id': 'temp_BirdCage', 'value': 69}
1447689026.553327 - smartdata - WARNING - Failed sensor update: {'value_ts': datetime.datetime(2015, 11, 11, 8, 47, 51, 350385), 'sensor_id': 'temp_BirdCage', 'value': 69}
1447689031.560563 - smartdata - WARNING - Failed sensor update: {'value_ts': datetime.datetime(2015, 11, 11, 8, 47, 51, 350385), 'sensor_id': 'temp_BirdCage', 'value': 69}
1447689036.568835 - smartdata - WARNING - Failed sensor update: {'value_ts': datetime.datetime(2015, 11, 11, 8, 47, 51, 350385), 'sensor_id': 'temp_BirdCage', 'value': 69}
1447689041.577802 - smartdata - WARNING - Failed sensor update: {'value_ts': datetime.datetime(2015, 11, 11, 8, 47, 51, 350385), 'sensor_id': 'temp_BirdCage', 'value': 69}
1447689046.586910 - smartdata - WARNING - Failed sensor update: {'value_ts': datetime.datetime(2015, 11, 11, 8, 47, 51, 350385), 'sensor_id': 'temp_BirdCage', 'value': 69}
1447689051.594146 - smartdata - WARNING - Failed sensor update: {'value_ts': datetime.datetime(2015, 11, 11, 8, 47, 51, 350385), 'sensor_id': 'temp_BirdCage', 'value': 69}
1447689056.602203 - smartdata - WARNING - Failed sensor update: {'value_ts': datetime.datetime(2015, 11, 11, 8, 47, 51, 350385), 'sensor_id': 'temp_BirdCage', 'value': 69}
1447689061.606878 - smartdata - WARNING - Failed sensor update: {'value_ts': datetime.datetime(2015, 11, 11, 8, 47, 51, 350385), 'sensor_id': 'temp_BirdCage', 'value': 69}
1447689066.610958 - smartdata - WARNING - Failed sensor update: {'value_ts': datetime.datetime(2015, 11, 11, 8, 47, 51, 350385), 'sensor_id': 'temp_BirdCage', 'value': 69}
1447689071.616643 - smartdata - WARNING - Failed sensor update: {'value_ts': datetime.datetime(2015, 11, 11, 8, 47, 51, 350385), 'sensor_id': 'temp_BirdCage', 'value': 69}
1447689076.622950 - smartdata - WARNING - Failed sensor update: {'value_ts': datetime.datetime(2015, 11, 11, 8, 47, 51, 350385), 'sensor_id': 'temp_BirdCage', 'value': 69}
1447689081.630654 - smartdata - WARNING - Failed sensor update: {'value_ts': datetime.datetime(2015, 11, 11, 8, 47, 51, 350385), 'sensor_id': 'temp_BirdCage', 'value': 69}
1447689086.633499 - smartdata - WARNING - Failed sensor update: {'value_ts': datetime.datetime(2015, 11, 11, 8, 47, 51, 350385), 'sensor_id': 'temp_BirdCage', 'value': 69}
1447689091.639263 - smartdata - WARNING - Failed sensor update: {'value_ts': datetime.datetime(2015, 11, 11, 8, 47, 51, 350385), 'sensor_id': 'temp_BirdCage', 'value': 69}
1447689096.646101 - smartdata - WARNING - Failed sensor update: {'value_ts': datetime.datetime(2015, 11, 11, 8, 47, 51, 350385), 'sensor_id': 'temp_BirdCage', 'value': 69}
1447689101.650131 - smartdata - WARNING - Failed sensor update: {'value_ts': datetime.datetime(2015, 11, 11, 8, 47, 51, 350385), 'sensor_id': 'temp_BirdCage', 'value': 69}
1447689106.654075 - smartdata - WARNING - Failed sensor update: {'value_ts': datetime.datetime(2015, 11, 11, 8, 47, 51, 350385), 'sensor_id': 'temp_BirdCage', 'value': 69}
1447689111.660655 - smartdata - WARNING - Failed sensor update: {'value_ts': datetime.datetime(2015, 11, 11, 8, 47, 51, 350385), 'sensor_id': 'temp_BirdCage', 'value': 69}
1447689116.668543 - smartdata - WARNING - Failed sensor update: {'value_ts': datetime.datetime(2015, 11, 11, 8, 47, 51, 350385), 'sensor_id': 'temp_BirdCage', 'value': 69}
1447689121.671671 - smartdata - WARNING - Failed sensor update: {'value_ts': datetime.datetime(2015, 11, 11, 8, 47, 51, 350385), 'sensor_id': 'temp_BirdCage', 'value': 69}
1447689126.679580 - smartdata - WARNING - Failed sensor update: {'value_ts': datetime.datetime(2015, 11, 11, 8, 47, 51, 350385), 'sensor_id': 'temp_BirdCage', 'value': 69}
1447689131.687739 - smartdata - WARNING - Failed sensor update: {'value_ts': datetime.datetime(2015, 11, 11, 8, 47, 51, 350385), 'sensor_id': 'temp_BirdCage', 'value': 69}
1447689136.695945 - smartdata - WARNING - Failed sensor update: {'value_ts': datetime.datetime(2015, 11, 11, 8, 47, 51, 350385), 'sensor_id': 'temp_BirdCage', 'value': 69}
1447689141.704154 - smartdata - WARNING - Failed sensor update: {'value_ts': datetime.datetime(2015, 11, 11, 8, 47, 51, 350385), 'sensor_id': 'temp_BirdCage', 'value': 69}
1447689146.707157 - smartdata - WARNING - Failed sensor update: {'value_ts': datetime.datetime(2015, 11, 11, 8, 47, 51, 350385), 'sensor_id': 'temp_BirdCage', 'value': 69}
1447689151.713550 - smartdata - WARNING - Failed sensor update: {'value_ts': datetime.datetime(2015, 11, 11, 8, 47, 51, 350385), 'sensor_id': 'temp_BirdCage', 'value': 69}
1447689156.720591 - smartdata - WARNING - Failed sensor update: {'value_ts': datetime.datetime(2015, 11, 11, 8, 47, 51, 350385), 'sensor_id': 'temp_BirdCage', 'value': 69}
1447689161.727419 - smartdata - WARNING - Failed sensor update: {'value_ts': datetime.datetime(2015, 11, 11, 8, 47, 51, 350385), 'sensor_id': 'temp_BirdCage', 'value': 69}
1447689166.735457 - smartdata - WARNING - Failed sensor update: {'value_ts': datetime.datetime(2015, 11, 11, 8, 47, 51, 350385), 'sensor_id': 'temp_BirdCage', 'value': 69}
1447689171.743499 - smartdata - WARNING - Failed sensor update: {'value_ts': datetime.datetime(2015, 11, 11, 8, 47, 51, 350385), 'sensor_id': 'temp_BirdCage', 'value': 69}
1447689176.751505 - smartdata - WARNING - Failed sensor update: {'value_ts': datetime.datetime(2015, 11, 11, 8, 47, 51, 350385), 'sensor_id': 'temp_BirdCage', 'value': 69}
1447689181.758941 - smartdata - WARNING - Failed sensor update: {'value_ts': datetime.datetime(2015, 11, 11, 8, 47, 51, 350385), 'sensor_id': 'temp_BirdCage', 'value': 69}
1447689186.764997 - smartdata - WARNING - Failed sensor update: {'value_ts': datetime.datetime(2015, 11, 11, 8, 47, 51, 350385), 'sensor_id': 'temp_BirdCage', 'value': 69}
1447689191.771077 - smartdata - WARNING - Failed sensor update: {'value_ts': datetime.datetime(2015, 11, 11, 8, 47, 51, 350385), 'sensor_id': 'temp_BirdCage', 'value': 69}
1447689196.777191 - smartdata - WARNING - Failed sensor update: {'value_ts': datetime.datetime(2015, 11, 11, 8, 47, 51, 350385), 'sensor_id': 'temp_BirdCage', 'value': 69}
1447689201.783236 - smartdata - WARNING - Failed sensor update: {'value_ts': datetime.datetime(2015, 11, 11, 8, 47, 51, 350385), 'sensor_id': 'temp_BirdCage', 'value': 69}
1447689206.786918 - smartdata - WARNING - Failed sensor update: {'value_ts': datetime.datetime(2015, 11, 11, 8, 47, 51, 350385), 'sensor_id': 'temp_BirdCage', 'value': 69}
1447689211.789840 - smartdata - WARNING - Failed sensor update: {'value_ts': datetime.datetime(2015, 11, 11, 8, 47, 51, 350385), 'sensor_id': 'temp_BirdCage', 'value': 69}
1447689216.795792 - smartdata - WARNING - Failed sensor update: {'value_ts': datetime.datetime(2015, 11, 11, 8, 47, 51, 350385), 'sensor_id': 'temp_BirdCage', 'value': 69}
1447689221.798668 - smartdata - WARNING - Failed sensor update: {'value_ts': datetime.datetime(2015, 11, 11, 8, 47, 51, 350385), 'sensor_id': 'temp_BirdCage', 'value': 69}
1447689226.802967 - smartdata - WARNING - Failed sensor update: {'value_ts': datetime.datetime(2015, 11, 11, 8, 47, 51, 350385), 'sensor_id': 'temp_BirdCage', 'value': 69}
1447689231.810951 - smartdata - WARNING - Failed sensor update: {'value_ts': datetime.datetime(2015, 11, 11, 8, 47, 51, 350385), 'sensor_id': 'temp_BirdCage', 'value': 69}
1447689236.817251 - smartdata - WARNING - Failed sensor update: {'value_ts': datetime.datetime(2015, 11, 11, 8, 47, 51, 350385), 'sensor_id': 'temp_BirdCage', 'value': 69}
1447689241.820963 - smartdata - WARNING - Failed sensor update: {'value_ts': datetime.datetime(2015, 11, 11, 8, 47, 51, 350385), 'sensor_id': 'temp_BirdCage', 'value': 69}
1447689246.824053 - smartdata - WARNING - Failed sensor update: {'value_ts': datetime.datetime(2015, 11, 11, 8, 47, 51, 350385), 'sensor_id': 'temp_BirdCage', 'value': 69}
1447689251.830251 - smartdata - WARNING - Failed sensor update: {'value_ts': datetime.datetime(2015, 11, 11, 8, 47, 51, 350385), 'sensor_id': 'temp_BirdCage', 'value': 69}
1447689256.837827 - smartdata - WARNING - Failed sensor update: {'value_ts': datetime.datetime(2015, 11, 11, 8, 47, 51, 350385), 'sensor_id': 'temp_BirdCage', 'value': 69}
1447689261.845689 - smartdata - WARNING - Failed sensor update: {'value_ts': datetime.datetime(2015, 11, 11, 8, 47, 51, 350385), 'sensor_id': 'temp_BirdCage', 'value': 69}
1447689266.853876 - smartdata - WARNING - Failed sensor update: {'value_ts': datetime.datetime(2015, 11, 11, 8, 47, 51, 350385), 'sensor_id': 'temp_BirdCage', 'value': 69}
1447689271.861804 - smartdata - WARNING - Failed sensor update: {'value_ts': datetime.datetime(2015, 11, 11, 8, 47, 51, 350385), 'sensor_id': 'temp_BirdCage', 'value': 69}
1447689276.865691 - smartdata - WARNING - Failed sensor update: {'value_ts': datetime.datetime(2015, 11, 11, 8, 47, 51, 350385), 'sensor_id': 'temp_BirdCage', 'value': 69}
1447689281.872496 - smartdata - WARNING - Failed sensor update: {'value_ts': datetime.datetime(2015, 11, 11, 8, 47, 51, 350385), 'sensor_id': 'temp_BirdCage', 'value': 69}
1447689286.880437 - smartdata - WARNING - Failed sensor update: {'value_ts': datetime.datetime(2015, 11, 11, 8, 47, 51, 350385), 'sensor_id': 'temp_BirdCage', 'value': 69}
1447689291.886775 - smartdata - WARNING - Failed sensor update: {'value_ts': datetime.datetime(2015, 11, 11, 8, 47, 51, 350385), 'sensor_id': 'temp_BirdCage', 'value': 69}
1447689296.894042 - smartdata - WARNING - Failed sensor update: {'value_ts': datetime.datetime(2015, 11, 11, 8, 47, 51, 350385), 'sensor_id': 'temp_BirdCage', 'value': 69}
1447689301.900478 - smartdata - WARNING - Failed sensor update: {'value_ts': datetime.datetime(2015, 11, 11, 8, 47, 51, 350385), 'sensor_id': 'temp_BirdCage', 'value': 69}
1447689306.907016 - smartdata - WARNING - Failed sensor update: {'value_ts': datetime.datetime(2015, 11, 11, 8, 47, 51, 350385), 'sensor_id': 'temp_BirdCage', 'value': 69}
1447689311.910382 - smartdata - WARNING - Failed sensor update: {'value_ts': datetime.datetime(2015, 11, 11, 8, 47, 51, 350385), 'sensor_id': 'temp_BirdCage', 'value': 69}
1447689316.914044 - smartdata - WARNING - Failed sensor update: {'value_ts': datetime.datetime(2015, 11, 11, 8, 47, 51, 350385), 'sensor_id': 'temp_BirdCage', 'value': 69}
1447689321.918869 - smartdata - WARNING - Failed sensor update: {'value_ts': datetime.datetime(2015, 11, 11, 8, 47, 51, 350385), 'sensor_id': 'temp_BirdCage', 'value': 69}
1447689326.924809 - smartdata - WARNING - Failed sensor update: {'value_ts': datetime.datetime(2015, 11, 11, 8, 47, 51, 350385), 'sensor_id': 'temp_BirdCage', 'value': 69}
1447689331.932708 - smartdata - WARNING - Failed sensor update: {'value_ts': datetime.datetime(2015, 11, 11, 8, 47, 51, 350385), 'sensor_id': 'temp_BirdCage', 'value': 69}
1447689336.936722 - smartdata - WARNING - Failed sensor update: {'value_ts': datetime.datetime(2015, 11, 11, 8, 47, 51, 350385), 'sensor_id': 'temp_BirdCage', 'value': 69}
1447689341.943005 - smartdata - WARNING - Failed sensor update: {'value_ts': datetime.datetime(2015, 11, 11, 8, 47, 51, 350385), 'sensor_id': 'temp_BirdCage', 'value': 69}
1447689346.944144 - smartdata - WARNING - Failed sensor update: {'value_ts': datetime.datetime(2015, 11, 11, 8, 47, 51, 350385), 'sensor_id': 'temp_BirdCage', 'value': 69}
1447689351.949708 - smartdata - WARNING - Failed sensor update: {'value_ts': datetime.datetime(2015, 11, 11, 8, 47, 51, 350385), 'sensor_id': 'temp_BirdCage', 'value': 69}
1447689356.954649 - smartdata - WARNING - Failed sensor update: {'value_ts': datetime.datetime(2015, 11, 11, 8, 47, 51, 350385), 'sensor_id': 'temp_BirdCage', 'value': 69}
1447689361.961152 - smartdata - WARNING - Failed sensor update: {'value_ts': datetime.datetime(2015, 11, 11, 8, 47, 51, 350385), 'sensor_id': 'temp_BirdCage', 'value': 69}
1447689366.965945 - smartdata - WARNING - Failed sensor update: {'value_ts': datetime.datetime(2015, 11, 11, 8, 47, 51, 350385), 'sensor_id': 'temp_BirdCage', 'value': 69}
1447689371.970295 - smartdata - WARNING - Failed sensor update: {'value_ts': datetime.datetime(2015, 11, 11, 8, 47, 51, 350385), 'sensor_id': 'temp_BirdCage', 'value': 69}
1447689376.978459 - smartdata - WARNING - Failed sensor update: {'value_ts': datetime.datetime(2015, 11, 11, 8, 47, 51, 350385), 'sensor_id': 'temp_BirdCage', 'value': 69}
1447689381.985524 - smartdata - WARNING - Failed sensor update: {'value_ts': datetime.datetime(2015, 11, 11, 8, 47, 51, 350385), 'sensor_id': 'temp_BirdCage', 'value': 69}
1447689386.991812 - smartdata - WARNING - Failed sensor update: {'value_ts': datetime.datetime(2015, 11, 11, 8, 47, 51, 350385), 'sensor_id': 'temp_BirdCage', 'value': 69}
1447689391.998689 - smartdata - WARNING - Failed sensor update: {'value_ts': datetime.datetime(2015, 11, 11, 8, 47, 51, 350385), 'sensor_id': 'temp_BirdCage', 'value': 69}
1447689397.006390 - smartdata - WARNING - Failed sensor update: {'value_ts': datetime.datetime(2015, 11, 11, 8, 47, 51, 350385), 'sensor_id': 'temp_BirdCage', 'value': 69}
1447689402.014291 - smartdata - WARNING - Failed sensor update: {'value_ts': datetime.datetime(2015, 11, 11, 8, 47, 51, 350385), 'sensor_id': 'temp_BirdCage', 'value': 69}
1447689407.018906 - smartdata - WARNING - Failed sensor update: {'value_ts': datetime.datetime(2015, 11, 11, 8, 47, 51, 350385), 'sensor_id': 'temp_BirdCage', 'value': 69}
1447689412.025242 - smartdata - WARNING - Failed sensor update: {'value_ts': datetime.datetime(2015, 11, 11, 8, 47, 51, 350385), 'sensor_id': 'temp_BirdCage', 'value': 69}
1447689417.028871 - smartdata - WARNING - Failed sensor update: {'value_ts': datetime.datetime(2015, 11, 11, 8, 47, 51, 350385), 'sensor_id': 'temp_BirdCage', 'value': 69}
1447689422.034948 - smartdata - WARNING - Failed sensor update: {'value_ts': datetime.datetime(2015, 11, 11, 8, 47, 51, 350385), 'sensor_id': 'temp_BirdCage', 'value': 69}
1447689427.040777 - smartdata - WARNING - Failed sensor update: {'value_ts': datetime.datetime(2015, 11, 11, 8, 47, 51, 350385), 'sensor_id': 'temp_BirdCage', 'value': 69}
1447689432.045392 - smartdata - WARNING - Failed sensor update: {'value_ts': datetime.datetime(2015, 11, 11, 8, 47, 51, 350385), 'sensor_id': 'temp_BirdCage', 'value': 69}
1447689437.049003 - smartdata - WARNING - Failed sensor update: {'value_ts': datetime.datetime(2015, 11, 11, 8, 47, 51, 350385), 'sensor_id': 'temp_BirdCage', 'value': 69}
1447689442.054918 - smartdata - WARNING - Failed sensor update: {'value_ts': datetime.datetime(2015, 11, 11, 8, 47, 51, 350385), 'sensor_id': 'temp_BirdCage', 'value': 69}
1447689447.059373 - smartdata - WARNING - Failed sensor update: {'value_ts': datetime.datetime(2015, 11, 11, 8, 47, 51, 350385), 'sensor_id': 'temp_BirdCage', 'value': 69}
1447689452.063967 - smartdata - WARNING - Failed sensor update: {'value_ts': datetime.datetime(2015, 11, 11, 8, 47, 51, 350385), 'sensor_id': 'temp_BirdCage', 'value': 69}
1447689457.070034 - smartdata - WARNING - Failed sensor update: {'value_ts': datetime.datetime(2015, 11, 11, 8, 47, 51, 350385), 'sensor_id': 'temp_BirdCage', 'value': 69}
1447689462.073471 - smartdata - WARNING - Failed sensor update: {'value_ts': datetime.datetime(2015, 11, 11, 8, 47, 51, 350385), 'sensor_id': 'temp_BirdCage', 'value': 69}
1447689467.080352 - smartdata - WARNING - Failed sensor update: {'value_ts': datetime.datetime(2015, 11, 11, 8, 47, 51, 350385), 'sensor_id': 'temp_BirdCage', 'value': 69}
1447689472.086447 - smartdata - WARNING - Failed sensor update: {'value_ts': datetime.datetime(2015, 11, 11, 8, 47, 51, 350385), 'sensor_id': 'temp_BirdCage', 'value': 69}
1447689477.087606 - smartdata - WARNING - Failed sensor update: {'value_ts': datetime.datetime(2015, 11, 11, 8, 47, 51, 350385), 'sensor_id': 'temp_BirdCage', 'value': 69}
1447689482.092079 - smartdata - WARNING - Failed sensor update: {'value_ts': datetime.datetime(2015, 11, 11, 8, 47, 51, 350385), 'sensor_id': 'temp_BirdCage', 'value': 69}
1447689487.094383 - smartdata - WARNING - Failed sensor update: {'value_ts': datetime.datetime(2015, 11, 11, 8, 47, 51, 350385), 'sensor_id': 'temp_BirdCage', 'value': 69}
1447689492.100493 - smartdata - WARNING - Failed sensor update: {'value_ts': datetime.datetime(2015, 11, 11, 8, 47, 51, 350385), 'sensor_id': 'temp_BirdCage', 'value': 69}
1447689497.107212 - smartdata - WARNING - Failed sensor update: {'value_ts': datetime.datetime(2015, 11, 11, 8, 47, 51, 350385), 'sensor_id': 'temp_BirdCage', 'value': 69}
1447689502.111350 - smartdata - WARNING - Failed sensor update: {'value_ts': datetime.datetime(2015, 11, 11, 8, 47, 51, 350385), 'sensor_id': 'temp_BirdCage', 'value': 69}
1447689507.117386 - smartdata - WARNING - Failed sensor update: {'value_ts': datetime.datetime(2015, 11, 11, 8, 47, 51, 350385), 'sensor_id': 'temp_BirdCage', 'value': 69}
1447689512.123393 - smartdata - WARNING - Failed sensor update: {'value_ts': datetime.datetime(2015, 11, 11, 8, 47, 51, 350385), 'sensor_id': 'temp_BirdCage', 'value': 69}
1447689517.124651 - smartdata - WARNING - Failed sensor update: {'value_ts': datetime.datetime(2015, 11, 11, 8, 47, 51, 350385), 'sensor_id': 'temp_BirdCage', 'value': 69}
1447689522.127723 - smartdata - WARNING - Failed sensor update: {'value_ts': datetime.datetime(2015, 11, 11, 8, 47, 51, 350385), 'sensor_id': 'temp_BirdCage', 'value': 69}
1447689527.133808 - smartdata - WARNING - Failed sensor update: {'value_ts': datetime.datetime(2015, 11, 11, 8, 47, 51, 350385), 'sensor_id': 'temp_BirdCage', 'value': 69}
1447689532.140159 - smartdata - WARNING - Failed sensor update: {'value_ts': datetime.datetime(2015, 11, 11, 8, 47, 51, 350385), 'sensor_id': 'temp_BirdCage', 'value': 69}
1447689537.146251 - smartdata - WARNING - Failed sensor update: {'value_ts': datetime.datetime(2015, 11, 11, 8, 47, 51, 350385), 'sensor_id': 'temp_BirdCage', 'value': 69}
1447689542.152178 - smartdata - WARNING - Failed sensor update: {'value_ts': datetime.datetime(2015, 11, 11, 8, 47, 51, 350385), 'sensor_id': 'temp_BirdCage', 'value': 69}
1447689547.158738 - smartdata - WARNING - Failed sensor update: {'value_ts': datetime.datetime(2015, 11, 11, 8, 47, 51, 350385), 'sensor_id': 'temp_BirdCage', 'value': 69}
1447689552.164257 - smartdata - WARNING - Failed sensor update: {'value_ts': datetime.datetime(2015, 11, 11, 8, 47, 51, 350385), 'sensor_id': 'temp_BirdCage', 'value': 69}
1447689557.165951 - smartdata - WARNING - Failed sensor update: {'value_ts': datetime.datetime(2015, 11, 11, 8, 47, 51, 350385), 'sensor_id': 'temp_BirdCage', 'value': 69}
1447689562.170148 - smartdata - WARNING - Failed sensor update: {'value_ts': datetime.datetime(2015, 11, 11, 8, 47, 51, 350385), 'sensor_id': 'temp_BirdCage', 'value': 69}
1447689567.174949 - smartdata - WARNING - Failed sensor update: {'value_ts': datetime.datetime(2015, 11, 11, 8, 47, 51, 350385), 'sensor_id': 'temp_BirdCage', 'value': 69}
1447689572.179062 - smartdata - WARNING - Failed sensor update: {'value_ts': datetime.datetime(2015, 11, 11, 8, 47, 51, 350385), 'sensor_id': 'temp_BirdCage', 'value': 69}
1447689577.185144 - smartdata - WARNING - Failed sensor update: {'value_ts': datetime.datetime(2015, 11, 11, 8, 47, 51, 350385), 'sensor_id': 'temp_BirdCage', 'value': 69}
1447689582.192680 - smartdata - WARNING - Failed sensor update: {'value_ts': datetime.datetime(2015, 11, 11, 8, 47, 51, 350385), 'sensor_id': 'temp_BirdCage', 'value': 69}
1447689587.198426 - smartdata - WARNING - Failed sensor update: {'value_ts': datetime.datetime(2015, 11, 11, 8, 47, 51, 350385), 'sensor_id': 'temp_BirdCage', 'value': 69}
1447689592.201398 - smartdata - WARNING - Failed sensor update: {'value_ts': datetime.datetime(2015, 11, 11, 8, 47, 51, 350385), 'sensor_id': 'temp_BirdCage', 'value': 69}
1447689597.207281 - smartdata - WARNING - Failed sensor update: {'value_ts': datetime.datetime(2015, 11, 11, 8, 47, 51, 350385), 'sensor_id': 'temp_BirdCage', 'value': 69}
1447689602.215307 - smartdata - WARNING - Failed sensor update: {'value_ts': datetime.datetime(2015, 11, 11, 8, 47, 51, 350385), 'sensor_id': 'temp_BirdCage', 'value': 69}
1447689607.219314 - smartdata - WARNING - Failed sensor update: {'value_ts': datetime.datetime(2015, 11, 11, 8, 47, 51, 350385), 'sensor_id': 'temp_BirdCage', 'value': 69}
1447689612.227309 - smartdata - WARNING - Failed sensor update: {'value_ts': datetime.datetime(2015, 11, 11, 8, 47, 51, 350385), 'sensor_id': 'temp_BirdCage', 'value': 69}
1447689617.233607 - smartdata - WARNING - Failed sensor update: {'value_ts': datetime.datetime(2015, 11, 11, 8, 47, 51, 350385), 'sensor_id': 'temp_BirdCage', 'value': 69}
1447689622.241534 - smartdata - WARNING - Failed sensor update: {'value_ts': datetime.datetime(2015, 11, 11, 8, 47, 51, 350385), 'sensor_id': 'temp_BirdCage', 'value': 69}
1447689627.245361 - smartdata - WARNING - Failed sensor update: {'value_ts': datetime.datetime(2015, 11, 11, 8, 47, 51, 350385), 'sensor_id': 'temp_BirdCage', 'value': 69}
1447689632.253598 - smartdata - WARNING - Failed sensor update: {'value_ts': datetime.datetime(2015, 11, 11, 8, 47, 51, 350385), 'sensor_id': 'temp_BirdCage', 'value': 69}
1447689637.259706 - smartdata - WARNING - Failed sensor update: {'value_ts': datetime.datetime(2015, 11, 11, 8, 47, 51, 350385), 'sensor_id': 'temp_BirdCage', 'value': 69}
1447689642.266419 - smartdata - WARNING - Failed sensor update: {'value_ts': datetime.datetime(2015, 11, 11, 8, 47, 51, 350385), 'sensor_id': 'temp_BirdCage', 'value': 69}
1447689647.272620 - smartdata - WARNING - Failed sensor update: {'value_ts': datetime.datetime(2015, 11, 11, 8, 47, 51, 350385), 'sensor_id': 'temp_BirdCage', 'value': 69}
1447689652.278541 - smartdata - WARNING - Failed sensor update: {'value_ts': datetime.datetime(2015, 11, 11, 8, 47, 51, 350385), 'sensor_id': 'temp_BirdCage', 'value': 69}
1447689657.286539 - smartdata - WARNING - Failed sensor update: {'value_ts': datetime.datetime(2015, 11, 11, 8, 47, 51, 350385), 'sensor_id': 'temp_BirdCage', 'value': 69}
1447689662.290482 - smartdata - WARNING - Failed sensor update: {'value_ts': datetime.datetime(2015, 11, 11, 8, 47, 51, 350385), 'sensor_id': 'temp_BirdCage', 'value': 69}
1447689667.296679 - smartdata - WARNING - Failed sensor update: {'value_ts': datetime.datetime(2015, 11, 11, 8, 47, 51, 350385), 'sensor_id': 'temp_BirdCage', 'value': 69}
1447689672.303056 - smartdata - WARNING - Failed sensor update: {'value_ts': datetime.datetime(2015, 11, 11, 8, 47, 51, 350385), 'sensor_id': 'temp_BirdCage', 'value': 69}
1447689677.307457 - smartdata - WARNING - Failed sensor update: {'value_ts': datetime.datetime(2015, 11, 11, 8, 47, 51, 350385), 'sensor_id': 'temp_BirdCage', 'value': 69}
1447689682.314276 - smartdata - WARNING - Failed sensor update: {'value_ts': datetime.datetime(2015, 11, 11, 8, 47, 51, 350385), 'sensor_id': 'temp_BirdCage', 'value': 69}
1447689687.321033 - smartdata - WARNING - Failed sensor update: {'value_ts': datetime.datetime(2015, 11, 11, 8, 47, 51, 350385), 'sensor_id': 'temp_BirdCage', 'value': 69}
1447689692.324595 - smartdata - WARNING - Failed sensor update: {'value_ts': datetime.datetime(2015, 11, 11, 8, 47, 51, 350385), 'sensor_id': 'temp_BirdCage', 'value': 69}
1447689697.332599 - smartdata - WARNING - Failed sensor update: {'value_ts': datetime.datetime(2015, 11, 11, 8, 47, 51, 350385), 'sensor_id': 'temp_BirdCage', 'value': 69}
1447689702.338914 - smartdata - WARNING - Failed sensor update: {'value_ts': datetime.datetime(2015, 11, 11, 8, 47, 51, 350385), 'sensor_id': 'temp_BirdCage', 'value': 69}
1447689707.347081 - smartdata - WARNING - Failed sensor update: {'value_ts': datetime.datetime(2015, 11, 11, 8, 47, 51, 350385), 'sensor_id': 'temp_BirdCage', 'value': 69}
1447689712.350234 - smartdata - WARNING - Failed sensor update: {'value_ts': datetime.datetime(2015, 11, 11, 8, 47, 51, 350385), 'sensor_id': 'temp_BirdCage', 'value': 69}
1447689717.354363 - smartdata - WARNING - Failed sensor update: {'value_ts': datetime.datetime(2015, 11, 11, 8, 47, 51, 350385), 'sensor_id': 'temp_BirdCage', 'value': 69}
1447689722.360583 - smartdata - WARNING - Failed sensor update: {'value_ts': datetime.datetime(2015, 11, 11, 8, 47, 51, 350385), 'sensor_id': 'temp_BirdCage', 'value': 69}
1447689727.364906 - smartdata - WARNING - Failed sensor update: {'value_ts': datetime.datetime(2015, 11, 11, 8, 47, 51, 350385), 'sensor_id': 'temp_BirdCage', 'value': 69}
1447689732.370955 - smartdata - WARNING - Failed sensor update: {'value_ts': datetime.datetime(2015, 11, 11, 8, 47, 51, 350385), 'sensor_id': 'temp_BirdCage', 'value': 69}
1447689737.376992 - smartdata - WARNING - Failed sensor update: {'value_ts': datetime.datetime(2015, 11, 11, 8, 47, 51, 350385), 'sensor_id': 'temp_BirdCage', 'value': 69}
1447689742.381967 - smartdata - WARNING - Failed sensor update: {'value_ts': datetime.datetime(2015, 11, 11, 8, 47, 51, 350385), 'sensor_id': 'temp_BirdCage', 'value': 69}
1447689747.387486 - smartdata - WARNING - Failed sensor update: {'value_ts': datetime.datetime(2015, 11, 11, 8, 47, 51, 350385), 'sensor_id': 'temp_BirdCage', 'value': 69}
1447689752.395407 - smartdata - WARNING - Failed sensor update: {'value_ts': datetime.datetime(2015, 11, 11, 8, 47, 51, 350385), 'sensor_id': 'temp_BirdCage', 'value': 69}
1447689757.399198 - smartdata - WARNING - Failed sensor update: {'value_ts': datetime.datetime(2015, 11, 11, 8, 47, 51, 350385), 'sensor_id': 'temp_BirdCage', 'value': 69}
1447689762.406886 - smartdata - WARNING - Failed sensor update: {'value_ts': datetime.datetime(2015, 11, 11, 8, 47, 51, 350385), 'sensor_id': 'temp_BirdCage', 'value': 69}
1447689767.412997 - smartdata - WARNING - Failed sensor update: {'value_ts': datetime.datetime(2015, 11, 11, 8, 47, 51, 350385), 'sensor_id': 'temp_BirdCage', 'value': 69}
1447689772.420200 - smartdata - WARNING - Failed sensor update: {'value_ts': datetime.datetime(2015, 11, 11, 8, 47, 51, 350385), 'sensor_id': 'temp_BirdCage', 'value': 69}
1447689777.426695 - smartdata - WARNING - Failed sensor update: {'value_ts': datetime.datetime(2015, 11, 11, 8, 47, 51, 350385), 'sensor_id': 'temp_BirdCage', 'value': 69}
1447689782.430893 - smartdata - WARNING - Failed sensor update: {'value_ts': datetime.datetime(2015, 11, 11, 8, 47, 51, 350385), 'sensor_id': 'temp_BirdCage', 'value': 69}
1447689787.436976 - smartdata - WARNING - Failed sensor update: {'value_ts': datetime.datetime(2015, 11, 11, 8, 47, 51, 350385), 'sensor_id': 'temp_BirdCage', 'value': 69}
1447689792.439167 - smartdata - WARNING - Failed sensor update: {'value_ts': datetime.datetime(2015, 11, 11, 8, 47, 51, 350385), 'sensor_id': 'temp_BirdCage', 'value': 69}
1447689797.445175 - smartdata - WARNING - Failed sensor update: {'value_ts': datetime.datetime(2015, 11, 11, 8, 47, 51, 350385), 'sensor_id': 'temp_BirdCage', 'value': 69}
1447689802.447143 - smartdata - WARNING - Failed sensor update: {'value_ts': datetime.datetime(2015, 11, 11, 8, 47, 51, 350385), 'sensor_id': 'temp_BirdCage', 'value': 69}
1447689807.452136 - smartdata - WARNING - Failed sensor update: {'value_ts': datetime.datetime(2015, 11, 11, 8, 47, 51, 350385), 'sensor_id': 'temp_BirdCage', 'value': 69}
1447689812.459659 - smartdata - WARNING - Failed sensor update: {'value_ts': datetime.datetime(2015, 11, 11, 8, 47, 51, 350385), 'sensor_id': 'temp_BirdCage', 'value': 69}
1447689817.461535 - smartdata - WARNING - Failed sensor update: {'value_ts': datetime.datetime(2015, 11, 11, 8, 47, 51, 350385), 'sensor_id': 'temp_BirdCage', 'value': 69}
1447689822.468594 - smartdata - WARNING - Failed sensor update: {'value_ts': datetime.datetime(2015, 11, 11, 8, 47, 51, 350385), 'sensor_id': 'temp_BirdCage', 'value': 69}
1447689827.475912 - smartdata - WARNING - Failed sensor update: {'value_ts': datetime.datetime(2015, 11, 11, 8, 47, 51, 350385), 'sensor_id': 'temp_BirdCage', 'value': 69}
1447689832.481482 - smartdata - WARNING - Failed sensor update: {'value_ts': datetime.datetime(2015, 11, 11, 8, 47, 51, 350385), 'sensor_id': 'temp_BirdCage', 'value': 69}
1447689837.489196 - smartdata - WARNING - Failed sensor update: {'value_ts': datetime.datetime(2015, 11, 11, 8, 47, 51, 350385), 'sensor_id': 'temp_BirdCage', 'value': 69}
1447689842.497403 - smartdata - WARNING - Failed sensor update: {'value_ts': datetime.datetime(2015, 11, 11, 8, 47, 51, 350385), 'sensor_id': 'temp_BirdCage', 'value': 69}
1447689847.504599 - smartdata - WARNING - Failed sensor update: {'value_ts': datetime.datetime(2015, 11, 11, 8, 47, 51, 350385), 'sensor_id': 'temp_BirdCage', 'value': 69}
1447689852.509077 - smartdata - WARNING - Failed sensor update: {'value_ts': datetime.datetime(2015, 11, 11, 8, 47, 51, 350385), 'sensor_id': 'temp_BirdCage', 'value': 69}
1447689857.517211 - smartdata - WARNING - Failed sensor update: {'value_ts': datetime.datetime(2015, 11, 11, 8, 47, 51, 350385), 'sensor_id': 'temp_BirdCage', 'value': 69}
1447689862.525066 - smartdata - WARNING - Failed sensor update: {'value_ts': datetime.datetime(2015, 11, 11, 8, 47, 51, 350385), 'sensor_id': 'temp_BirdCage', 'value': 69}
1447689867.531891 - smartdata - WARNING - Failed sensor update: {'value_ts': datetime.datetime(2015, 11, 11, 8, 47, 51, 350385), 'sensor_id': 'temp_BirdCage', 'value': 69}
1447689872.535936 - smartdata - WARNING - Failed sensor update: {'value_ts': datetime.datetime(2015, 11, 11, 8, 47, 51, 350385), 'sensor_id': 'temp_BirdCage', 'value': 69}
1447689877.538844 - smartdata - WARNING - Failed sensor update: {'value_ts': datetime.datetime(2015, 11, 11, 8, 47, 51, 350385), 'sensor_id': 'temp_BirdCage', 'value': 69}
1447689882.545625 - smartdata - WARNING - Failed sensor update: {'value_ts': datetime.datetime(2015, 11, 11, 8, 47, 51, 350385), 'sensor_id': 'temp_BirdCage', 'value': 69}
1447689887.553735 - smartdata - WARNING - Failed sensor update: {'value_ts': datetime.datetime(2015, 11, 11, 8, 47, 51, 350385), 'sensor_id': 'temp_BirdCage', 'value': 69}
1447689892.560101 - smartdata - WARNING - Failed sensor update: {'value_ts': datetime.datetime(2015, 11, 11, 8, 47, 51, 350385), 'sensor_id': 'temp_BirdCage', 'value': 69}
1447689897.567621 - smartdata - WARNING - Failed sensor update: {'value_ts': datetime.datetime(2015, 11, 11, 8, 47, 51, 350385), 'sensor_id': 'temp_BirdCage', 'value': 69}
1447689902.575814 - smartdata - WARNING - Failed sensor update: {'value_ts': datetime.datetime(2015, 11, 11, 8, 47, 51, 350385), 'sensor_id': 'temp_BirdCage', 'value': 69}
1447689907.583766 - smartdata - WARNING - Failed sensor update: {'value_ts': datetime.datetime(2015, 11, 11, 8, 47, 51, 350385), 'sensor_id': 'temp_BirdCage', 'value': 69}
1447689912.591291 - smartdata - WARNING - Failed sensor update: {'value_ts': datetime.datetime(2015, 11, 11, 8, 47, 51, 350385), 'sensor_id': 'temp_BirdCage', 'value': 69}
1447689917.598995 - smartdata - WARNING - Failed sensor update: {'value_ts': datetime.datetime(2015, 11, 11, 8, 47, 51, 350385), 'sensor_id': 'temp_BirdCage', 'value': 69}
1447689922.606249 - smartdata - WARNING - Failed sensor update: {'value_ts': datetime.datetime(2015, 11, 11, 8, 47, 51, 350385), 'sensor_id': 'temp_BirdCage', 'value': 69}
1447689927.614442 - smartdata - WARNING - Failed sensor update: {'value_ts': datetime.datetime(2015, 11, 11, 8, 47, 51, 350385), 'sensor_id': 'temp_BirdCage', 'value': 69}
1447689932.619068 - smartdata - WARNING - Failed sensor update: {'value_ts': datetime.datetime(2015, 11, 11, 8, 47, 51, 350385), 'sensor_id': 'temp_BirdCage', 'value': 69}
1447689937.626488 - smartdata - WARNING - Failed sensor update: {'value_ts': datetime.datetime(2015, 11, 11, 8, 47, 51, 350385), 'sensor_id': 'temp_BirdCage', 'value': 69}
1447689942.634724 - smartdata - WARNING - Failed sensor update: {'value_ts': datetime.datetime(2015, 11, 11, 8, 47, 51, 350385), 'sensor_id': 'temp_BirdCage', 'value': 69}
1447689947.637920 - smartdata - WARNING - Failed sensor update: {'value_ts': datetime.datetime(2015, 11, 11, 8, 47, 51, 350385), 'sensor_id': 'temp_BirdCage', 'value': 69}
1447689952.641707 - smartdata - WARNING - Failed sensor update: {'value_ts': datetime.datetime(2015, 11, 11, 8, 47, 51, 350385), 'sensor_id': 'temp_BirdCage', 'value': 69}
1447689957.645397 - smartdata - WARNING - Failed sensor update: {'value_ts': datetime.datetime(2015, 11, 11, 8, 47, 51, 350385), 'sensor_id': 'temp_BirdCage', 'value': 69}
1447689962.652463 - smartdata - WARNING - Failed sensor update: {'value_ts': datetime.datetime(2015, 11, 11, 8, 47, 51, 350385), 'sensor_id': 'temp_BirdCage', 'value': 69}
1447689967.655979 - smartdata - WARNING - Failed sensor update: {'value_ts': datetime.datetime(2015, 11, 11, 8, 47, 51, 350385), 'sensor_id': 'temp_BirdCage', 'value': 69}
1447689972.659003 - smartdata - WARNING - Failed sensor update: {'value_ts': datetime.datetime(2015, 11, 11, 8, 47, 51, 350385), 'sensor_id': 'temp_BirdCage', 'value': 69}
1447689977.665785 - smartdata - WARNING - Failed sensor update: {'value_ts': datetime.datetime(2015, 11, 11, 8, 47, 51, 350385), 'sensor_id': 'temp_BirdCage', 'value': 69}
1447689982.670257 - smartdata - WARNING - Failed sensor update: {'value_ts': datetime.datetime(2015, 11, 11, 8, 47, 51, 350385), 'sensor_id': 'temp_BirdCage', 'value': 69}
1447689987.673665 - smartdata - WARNING - Failed sensor update: {'value_ts': datetime.datetime(2015, 11, 11, 8, 47, 51, 350385), 'sensor_id': 'temp_BirdCage', 'value': 69}
1447689992.681577 - smartdata - WARNING - Failed sensor update: {'value_ts': datetime.datetime(2015, 11, 11, 8, 47, 51, 350385), 'sensor_id': 'temp_BirdCage', 'value': 69}
1447689997.689227 - smartdata - WARNING - Failed sensor update: {'value_ts': datetime.datetime(2015, 11, 11, 8, 47, 51, 350385), 'sensor_id': 'temp_BirdCage', 'value': 69}
1447690002.695023 - smartdata - WARNING - Failed sensor update: {'value_ts': datetime.datetime(2015, 11, 11, 8, 47, 51, 350385), 'sensor_id': 'temp_BirdCage', 'value': 69}
1447690007.699394 - smartdata - WARNING - Failed sensor update: {'value_ts': datetime.datetime(2015, 11, 11, 8, 47, 51, 350385), 'sensor_id': 'temp_BirdCage', 'value': 69}
1447690012.701582 - smartdata - WARNING - Failed sensor update: {'value_ts': datetime.datetime(2015, 11, 11, 8, 47, 51, 350385), 'sensor_id': 'temp_BirdCage', 'value': 69}
1447690017.707651 - smartdata - WARNING - Failed sensor update: {'value_ts': datetime.datetime(2015, 11, 11, 8, 47, 51, 350385), 'sensor_id': 'temp_BirdCage', 'value': 69}
1447690022.709328 - smartdata - WARNING - Failed sensor update: {'value_ts': datetime.datetime(2015, 11, 11, 8, 47, 51, 350385), 'sensor_id': 'temp_BirdCage', 'value': 69}
1447690027.715394 - smartdata - WARNING - Failed sensor update: {'value_ts': datetime.datetime(2015, 11, 11, 8, 47, 51, 350385), 'sensor_id': 'temp_BirdCage', 'value': 69}
1447690032.721456 - smartdata - WARNING - Failed sensor update: {'value_ts': datetime.datetime(2015, 11, 11, 8, 47, 51, 350385), 'sensor_id': 'temp_BirdCage', 'value': 69}
1447690037.724718 - smartdata - WARNING - Failed sensor update: {'value_ts': datetime.datetime(2015, 11, 11, 8, 47, 51, 350385), 'sensor_id': 'temp_BirdCage', 'value': 69}
1447690042.728396 - smartdata - WARNING - Failed sensor update: {'value_ts': datetime.datetime(2015, 11, 11, 8, 47, 51, 350385), 'sensor_id': 'temp_BirdCage', 'value': 69}
1447690047.734914 - smartdata - WARNING - Failed sensor update: {'value_ts': datetime.datetime(2015, 11, 11, 8, 47, 51, 350385), 'sensor_id': 'temp_BirdCage', 'value': 69}
1447690052.741059 - smartdata - WARNING - Failed sensor update: {'value_ts': datetime.datetime(2015, 11, 11, 8, 47, 51, 350385), 'sensor_id': 'temp_BirdCage', 'value': 69}
1447690057.747710 - smartdata - WARNING - Failed sensor update: {'value_ts': datetime.datetime(2015, 11, 11, 8, 47, 51, 350385), 'sensor_id': 'temp_BirdCage', 'value': 69}
1447690062.749252 - smartdata - WARNING - Failed sensor update: {'value_ts': datetime.datetime(2015, 11, 11, 8, 47, 51, 350385), 'sensor_id': 'temp_BirdCage', 'value': 69}
1447690067.756031 - smartdata - WARNING - Failed sensor update: {'value_ts': datetime.datetime(2015, 11, 11, 8, 47, 51, 350385), 'sensor_id': 'temp_BirdCage', 'value': 69}
1447690072.758290 - smartdata - WARNING - Failed sensor update: {'value_ts': datetime.datetime(2015, 11, 11, 8, 47, 51, 350385), 'sensor_id': 'temp_BirdCage', 'value': 69}
1447690077.763652 - smartdata - WARNING - Failed sensor update: {'value_ts': datetime.datetime(2015, 11, 11, 8, 47, 51, 350385), 'sensor_id': 'temp_BirdCage', 'value': 69}
1447690082.769767 - smartdata - WARNING - Failed sensor update: {'value_ts': datetime.datetime(2015, 11, 11, 8, 47, 51, 350385), 'sensor_id': 'temp_BirdCage', 'value': 69}
1447690087.776730 - smartdata - WARNING - Failed sensor update: {'value_ts': datetime.datetime(2015, 11, 11, 8, 47, 51, 350385), 'sensor_id': 'temp_BirdCage', 'value': 69}
1447690092.784446 - smartdata - WARNING - Failed sensor update: {'value_ts': datetime.datetime(2015, 11, 11, 8, 47, 51, 350385), 'sensor_id': 'temp_BirdCage', 'value': 69}
1447690097.791923 - smartdata - WARNING - Failed sensor update: {'value_ts': datetime.datetime(2015, 11, 11, 8, 47, 51, 350385), 'sensor_id': 'temp_BirdCage', 'value': 69}
1447690102.798878 - smartdata - WARNING - Failed sensor update: {'value_ts': datetime.datetime(2015, 11, 11, 8, 47, 51, 350385), 'sensor_id': 'temp_BirdCage', 'value': 69}
1447690107.801036 - smartdata - WARNING - Failed sensor update: {'value_ts': datetime.datetime(2015, 11, 11, 8, 47, 51, 350385), 'sensor_id': 'temp_BirdCage', 'value': 69}
1447690112.806409 - smartdata - WARNING - Failed sensor update: {'value_ts': datetime.datetime(2015, 11, 11, 8, 47, 51, 350385), 'sensor_id': 'temp_BirdCage', 'value': 69}
1447690117.811301 - smartdata - WARNING - Failed sensor update: {'value_ts': datetime.datetime(2015, 11, 11, 8, 47, 51, 350385), 'sensor_id': 'temp_BirdCage', 'value': 69}
1447690122.818332 - smartdata - WARNING - Failed sensor update: {'value_ts': datetime.datetime(2015, 11, 11, 8, 47, 51, 350385), 'sensor_id': 'temp_BirdCage', 'value': 69}
